#
# There is insufficient memory for the Java Runtime Environment to continue.
# Native memory allocation (malloc) failed to allocate 2054896 bytes for Chunk::new
# Possible reasons:
#   The system is out of physical RAM or swap space
#   The process is running with CompressedOops enabled, and the Java Heap may be blocking the growth of the native heap
# Possible solutions:
#   Reduce memory load on the system
#   Increase physical memory or swap space
#   Check if swap backing store is full
#   Decrease Java heap size (-Xmx/-Xms)
#   Decrease number of Java threads
#   Decrease Java thread stack sizes (-Xss)
#   Set larger code cache with -XX:ReservedCodeCacheSize=
#   JVM is running with Unscaled Compressed Oops mode in which the Java heap is
#     placed in the first 4GB address space. The Java Heap base address is the
#     maximum limit for the native heap growth. Please use -XX:HeapBaseMinAddress
#     to set the Java Heap base and to place the Java Heap above 4GB virtual address.
# This output file may be truncated or incomplete.
#
#  Out of Memory Error (arena.cpp:189), pid=16992, tid=18008
#
# JRE version: Java(TM) SE Runtime Environment (17.0.12+8) (build 17.0.12+8-LTS-286)
# Java VM: Java HotSpot(TM) 64-Bit Server VM (17.0.12+8-LTS-286, mixed mode, sharing, tiered, compressed oops, compressed class ptrs, g1 gc, windows-amd64)
# No core dump will be written. Minidumps are not enabled by default on client versions of Windows
#

---------------  S U M M A R Y ------------

Command Line: -Dfile.encoding=UTF-8 -Xmx64m -Xms64m -Dfile.encoding=UTF-8 -Dorg.gradle.appname=gradlew D:\DoseCerta-refatorado\android\\gradle\wrapper\gradle-wrapper.jar app:installDebug -PreactNativeDevServerPort=8081

Host: 11th Gen Intel(R) Core(TM) i5-1135G7 @ 2.40GHz, 8 cores, 7G,  Windows 11 , 64 bit Build 26100 (10.0.26100.7705)
Time: Sun Feb  8 21:46:45 2026 Hora Padr緌 de Caracas elapsed time: 229.944279 seconds (0d 0h 3m 49s)

---------------  T H R E A D  ---------------

Current thread (0x0000020ce9357550):  JavaThread "C2 CompilerThread0" daemon [_thread_in_native, id=18008, stack(0x000000cfca300000,0x000000cfca400000)]


Current CompileTask:
C2: 229944 2000       4       org.gradle.internal.logging.console.BuildStatusRenderer::onOutput (350 bytes)

Stack: [0x000000cfca300000,0x000000cfca400000]
Native frames: (J=compiled Java code, j=interpreted, Vv=VM code, C=native code)
V  [jvm.dll+0x67a04a]
V  [jvm.dll+0x7da4ed]
V  [jvm.dll+0x7dbe33]
V  [jvm.dll+0x7dc4a3]
V  [jvm.dll+0x24508f]
V  [jvm.dll+0xab773]
V  [jvm.dll+0xabd3c]
V  [jvm.dll+0x361b9f]
V  [jvm.dll+0x32c431]
V  [jvm.dll+0x32b8ca]
V  [jvm.dll+0x21683f]
V  [jvm.dll+0x215c6f]
V  [jvm.dll+0x1a2960]
V  [jvm.dll+0x22610b]
V  [jvm.dll+0x2242ab]
V  [jvm.dll+0x79075c]
V  [jvm.dll+0x78abea]
V  [jvm.dll+0x678f35]
C  [ucrtbase.dll+0x37b0]
C  [KERNEL32.DLL+0x2e8d7]
C  [ntdll.dll+0x8c40c]


---------------  P R O C E S S  ---------------

Threads class SMR info:
_java_thread_list=0x0000020ceef6b3c0, length=13, elements={
0x0000020ccfb5bf70, 0x0000020ce93389c0, 0x0000020ce9339490, 0x0000020ce93504a0,
0x0000020ce9352d80, 0x0000020ce9353650, 0x0000020ce9356340, 0x0000020ce9357550,
0x0000020ce935b770, 0x0000020ce935e090, 0x0000020ce95e1a90, 0x0000020ce95e5bc0,
0x0000020ceea5f8f0
}

Java Threads: ( => current thread )
  0x0000020ccfb5bf70 JavaThread "main" [_thread_in_native, id=14792, stack(0x000000cfc9600000,0x000000cfc9700000)]
  0x0000020ce93389c0 JavaThread "Reference Handler" daemon [_thread_blocked, id=20436, stack(0x000000cfc9d00000,0x000000cfc9e00000)]
  0x0000020ce9339490 JavaThread "Finalizer" daemon [_thread_blocked, id=18524, stack(0x000000cfc9e00000,0x000000cfc9f00000)]
  0x0000020ce93504a0 JavaThread "Signal Dispatcher" daemon [_thread_blocked, id=19064, stack(0x000000cfc9f00000,0x000000cfca000000)]
  0x0000020ce9352d80 JavaThread "Attach Listener" daemon [_thread_blocked, id=13820, stack(0x000000cfca000000,0x000000cfca100000)]
  0x0000020ce9353650 JavaThread "Service Thread" daemon [_thread_blocked, id=13580, stack(0x000000cfca100000,0x000000cfca200000)]
  0x0000020ce9356340 JavaThread "Monitor Deflation Thread" daemon [_thread_blocked, id=19692, stack(0x000000cfca200000,0x000000cfca300000)]
=>0x0000020ce9357550 JavaThread "C2 CompilerThread0" daemon [_thread_in_native, id=18008, stack(0x000000cfca300000,0x000000cfca400000)]
  0x0000020ce935b770 JavaThread "C1 CompilerThread0" daemon [_thread_blocked, id=19428, stack(0x000000cfca400000,0x000000cfca500000)]
  0x0000020ce935e090 JavaThread "Sweeper thread" daemon [_thread_blocked, id=24260, stack(0x000000cfca500000,0x000000cfca600000)]
  0x0000020ce95e1a90 JavaThread "Notification Thread" daemon [_thread_blocked, id=23820, stack(0x000000cfca600000,0x000000cfca700000)]
  0x0000020ce95e5bc0 JavaThread "Common-Cleaner" daemon [_thread_blocked, id=16844, stack(0x000000cfca800000,0x000000cfca900000)]
  0x0000020ceea5f8f0 JavaThread "pool-1-thread-1" [_thread_in_native, id=5612, stack(0x000000cfcad00000,0x000000cfcae00000)]

Other Threads:
  0x0000020ce9333010 VMThread "VM Thread" [stack: 0x000000cfc9c00000,0x000000cfc9d00000] [id=10904]
  0x0000020ccd731060 WatcherThread [stack: 0x000000cfca700000,0x000000cfca800000] [id=26348]
  0x0000020ccfb7fdf0 GCTaskThread "GC Thread#0" [stack: 0x000000cfc9700000,0x000000cfc9800000] [id=620]
  0x0000020cee1ad590 GCTaskThread "GC Thread#1" [stack: 0x000000cfcaa00000,0x000000cfcab00000] [id=25552]
  0x0000020cee240ad0 GCTaskThread "GC Thread#2" [stack: 0x000000cfcab00000,0x000000cfcac00000] [id=7232]
  0x0000020cee240d90 GCTaskThread "GC Thread#3" [stack: 0x000000cfcac00000,0x000000cfcad00000] [id=1828]
  0x0000020cee0d5110 GCTaskThread "GC Thread#4" [stack: 0x000000cfcae00000,0x000000cfcaf00000] [id=1908]
  0x0000020ceeaaa070 GCTaskThread "GC Thread#5" [stack: 0x000000cfcaf00000,0x000000cfcb000000] [id=10356]
  0x0000020cee9db8f0 GCTaskThread "GC Thread#6" [stack: 0x000000cfcb000000,0x000000cfcb100000] [id=6756]
  0x0000020ccfb83300 ConcurrentGCThread "G1 Main Marker" [stack: 0x000000cfc9800000,0x000000cfc9900000] [id=2032]
  0x0000020ccfb86640 ConcurrentGCThread "G1 Conc#0" [stack: 0x000000cfc9900000,0x000000cfc9a00000] [id=9100]
  0x0000020ccfbd57c0 ConcurrentGCThread "G1 Refine#0" [stack: 0x000000cfc9a00000,0x000000cfc9b00000] [id=22628]
  0x0000020ceec79a80 ConcurrentGCThread "G1 Refine#1" [stack: 0x000000cfcb100000,0x000000cfcb200000] [id=16336]
  0x0000020ccfbd63b0 ConcurrentGCThread "G1 Service" [stack: 0x000000cfc9b00000,0x000000cfc9c00000] [id=18988]

Threads with active compile tasks:
C2 CompilerThread0   230001 2000       4       org.gradle.internal.logging.console.BuildStatusRenderer::onOutput (350 bytes)

VM state: not at safepoint (normal execution)

VM Mutex/Monitor currently owned by a thread: None

Heap address: 0x00000000fc000000, size: 64 MB, Compressed Oops mode: 32-bit

CDS archive(s) mapped at: [0x0000020c80000000-0x0000020c80bd0000-0x0000020c80bd0000), size 12386304, SharedBaseAddress: 0x0000020c80000000, ArchiveRelocationMode: 1.
Compressed class space mapped at: 0x0000020c81000000-0x0000020cc1000000, reserved size: 1073741824
Narrow klass base: 0x0000020c80000000, Narrow klass shift: 0, Narrow klass range: 0x100000000

GC Precious Log:
 CPUs: 8 total, 8 available
 Memory: 7934M
 Large Page Support: Disabled
 NUMA Support: Disabled
 Compressed Oops: Enabled (32-bit)
 Heap Region Size: 1M
 Heap Min Capacity: 64M
 Heap Initial Capacity: 64M
 Heap Max Capacity: 64M
 Pre-touch: Disabled
 Parallel Workers: 8
 Concurrent Workers: 2
 Concurrent Refinement Workers: 8
 Periodic GC: Disabled

Heap:
 garbage-first heap   total 65536K, used 22438K [0x00000000fc000000, 0x0000000100000000)
  region size 1024K, 17 young (17408K), 5 survivors (5120K)
 Metaspace       used 9572K, committed 9792K, reserved 1114112K
  class space    used 1257K, committed 1344K, reserved 1048576K

Heap Regions: E=young(eden), S=young(survivor), O=old, HS=humongous(starts), HC=humongous(continues), CS=collection set, F=free, OA=open archive, CA=closed archive, TAMS=top-at-mark-start (previous, next)
|   0|0x00000000fc000000, 0x00000000fc100000, 0x00000000fc100000|100%|HS|  |TAMS 0x00000000fc000000, 0x00000000fc000000| Complete 
|   1|0x00000000fc100000, 0x00000000fc200000, 0x00000000fc200000|100%|HC|  |TAMS 0x00000000fc100000, 0x00000000fc100000| Complete 
|   2|0x00000000fc200000, 0x00000000fc300000, 0x00000000fc300000|100%|HC|  |TAMS 0x00000000fc200000, 0x00000000fc200000| Complete 
|   3|0x00000000fc300000, 0x00000000fc400000, 0x00000000fc400000|100%| O|  |TAMS 0x00000000fc300000, 0x00000000fc300000| Untracked 
|   4|0x00000000fc400000, 0x00000000fc500000, 0x00000000fc500000|100%| O|  |TAMS 0x00000000fc400000, 0x00000000fc400000| Untracked 
|   5|0x00000000fc500000, 0x00000000fc5e9a00, 0x00000000fc600000| 91%| O|  |TAMS 0x00000000fc500000, 0x00000000fc500000| Untracked 
|   6|0x00000000fc600000, 0x00000000fc600000, 0x00000000fc700000|  0%| F|  |TAMS 0x00000000fc600000, 0x00000000fc600000| Untracked 
|   7|0x00000000fc700000, 0x00000000fc700000, 0x00000000fc800000|  0%| F|  |TAMS 0x00000000fc700000, 0x00000000fc700000| Untracked 
|   8|0x00000000fc800000, 0x00000000fc800000, 0x00000000fc900000|  0%| F|  |TAMS 0x00000000fc800000, 0x00000000fc800000| Untracked 
|   9|0x00000000fc900000, 0x00000000fc900000, 0x00000000fca00000|  0%| F|  |TAMS 0x00000000fc900000, 0x00000000fc900000| Untracked 
|  10|0x00000000fca00000, 0x00000000fca00000, 0x00000000fcb00000|  0%| F|  |TAMS 0x00000000fca00000, 0x00000000fca00000| Untracked 
|  11|0x00000000fcb00000, 0x00000000fcb00000, 0x00000000fcc00000|  0%| F|  |TAMS 0x00000000fcb00000, 0x00000000fcb00000| Untracked 
|  12|0x00000000fcc00000, 0x00000000fcc00000, 0x00000000fcd00000|  0%| F|  |TAMS 0x00000000fcc00000, 0x00000000fcc00000| Untracked 
|  13|0x00000000fcd00000, 0x00000000fcd00000, 0x00000000fce00000|  0%| F|  |TAMS 0x00000000fcd00000, 0x00000000fcd00000| Untracked 
|  14|0x00000000fce00000, 0x00000000fce00000, 0x00000000fcf00000|  0%| F|  |TAMS 0x00000000fce00000, 0x00000000fce00000| Untracked 
|  15|0x00000000fcf00000, 0x00000000fcf00000, 0x00000000fd000000|  0%| F|  |TAMS 0x00000000fcf00000, 0x00000000fcf00000| Untracked 
|  16|0x00000000fd000000, 0x00000000fd000000, 0x00000000fd100000|  0%| F|  |TAMS 0x00000000fd000000, 0x00000000fd000000| Untracked 
|  17|0x00000000fd100000, 0x00000000fd100000, 0x00000000fd200000|  0%| F|  |TAMS 0x00000000fd100000, 0x00000000fd100000| Untracked 
|  18|0x00000000fd200000, 0x00000000fd200000, 0x00000000fd300000|  0%| F|  |TAMS 0x00000000fd200000, 0x00000000fd200000| Untracked 
|  19|0x00000000fd300000, 0x00000000fd300000, 0x00000000fd400000|  0%| F|  |TAMS 0x00000000fd300000, 0x00000000fd300000| Untracked 
|  20|0x00000000fd400000, 0x00000000fd400000, 0x00000000fd500000|  0%| F|  |TAMS 0x00000000fd400000, 0x00000000fd400000| Untracked 
|  21|0x00000000fd500000, 0x00000000fd500000, 0x00000000fd600000|  0%| F|  |TAMS 0x00000000fd500000, 0x00000000fd500000| Untracked 
|  22|0x00000000fd600000, 0x00000000fd600000, 0x00000000fd700000|  0%| F|  |TAMS 0x00000000fd600000, 0x00000000fd600000| Untracked 
|  23|0x00000000fd700000, 0x00000000fd700000, 0x00000000fd800000|  0%| F|  |TAMS 0x00000000fd700000, 0x00000000fd700000| Untracked 
|  24|0x00000000fd800000, 0x00000000fd800000, 0x00000000fd900000|  0%| F|  |TAMS 0x00000000fd800000, 0x00000000fd800000| Untracked 
|  25|0x00000000fd900000, 0x00000000fd900000, 0x00000000fda00000|  0%| F|  |TAMS 0x00000000fd900000, 0x00000000fd900000| Untracked 
|  26|0x00000000fda00000, 0x00000000fdb00000, 0x00000000fdb00000|100%| S|CS|TAMS 0x00000000fda00000, 0x00000000fda00000| Complete 
|  27|0x00000000fdb00000, 0x00000000fdc00000, 0x00000000fdc00000|100%| S|CS|TAMS 0x00000000fdb00000, 0x00000000fdb00000| Complete 
|  28|0x00000000fdc00000, 0x00000000fdd00000, 0x00000000fdd00000|100%| S|CS|TAMS 0x00000000fdc00000, 0x00000000fdc00000| Complete 
|  29|0x00000000fdd00000, 0x00000000fde00000, 0x00000000fde00000|100%| S|CS|TAMS 0x00000000fdd00000, 0x00000000fdd00000| Complete 
|  30|0x00000000fde00000, 0x00000000fdf00000, 0x00000000fdf00000|100%| S|CS|TAMS 0x00000000fde00000, 0x00000000fde00000| Complete 
|  31|0x00000000fdf00000, 0x00000000fdf00000, 0x00000000fe000000|  0%| F|  |TAMS 0x00000000fdf00000, 0x00000000fdf00000| Untracked 
|  32|0x00000000fe000000, 0x00000000fe000000, 0x00000000fe100000|  0%| F|  |TAMS 0x00000000fe000000, 0x00000000fe000000| Untracked 
|  33|0x00000000fe100000, 0x00000000fe100000, 0x00000000fe200000|  0%| F|  |TAMS 0x00000000fe100000, 0x00000000fe100000| Untracked 
|  34|0x00000000fe200000, 0x00000000fe200000, 0x00000000fe300000|  0%| F|  |TAMS 0x00000000fe200000, 0x00000000fe200000| Untracked 
|  35|0x00000000fe300000, 0x00000000fe300000, 0x00000000fe400000|  0%| F|  |TAMS 0x00000000fe300000, 0x00000000fe300000| Untracked 
|  36|0x00000000fe400000, 0x00000000fe400000, 0x00000000fe500000|  0%| F|  |TAMS 0x00000000fe400000, 0x00000000fe400000| Untracked 
|  37|0x00000000fe500000, 0x00000000fe500000, 0x00000000fe600000|  0%| F|  |TAMS 0x00000000fe500000, 0x00000000fe500000| Untracked 
|  38|0x00000000fe600000, 0x00000000fe600000, 0x00000000fe700000|  0%| F|  |TAMS 0x00000000fe600000, 0x00000000fe600000| Untracked 
|  39|0x00000000fe700000, 0x00000000fe700000, 0x00000000fe800000|  0%| F|  |TAMS 0x00000000fe700000, 0x00000000fe700000| Untracked 
|  40|0x00000000fe800000, 0x00000000fe800000, 0x00000000fe900000|  0%| F|  |TAMS 0x00000000fe800000, 0x00000000fe800000| Untracked 
|  41|0x00000000fe900000, 0x00000000fe900000, 0x00000000fea00000|  0%| F|  |TAMS 0x00000000fe900000, 0x00000000fe900000| Untracked 
|  42|0x00000000fea00000, 0x00000000fea00000, 0x00000000feb00000|  0%| F|  |TAMS 0x00000000fea00000, 0x00000000fea00000| Untracked 
|  43|0x00000000feb00000, 0x00000000feb00000, 0x00000000fec00000|  0%| F|  |TAMS 0x00000000feb00000, 0x00000000feb00000| Untracked 
|  44|0x00000000fec00000, 0x00000000fec00000, 0x00000000fed00000|  0%| F|  |TAMS 0x00000000fec00000, 0x00000000fec00000| Untracked 
|  45|0x00000000fed00000, 0x00000000fed00000, 0x00000000fee00000|  0%| F|  |TAMS 0x00000000fed00000, 0x00000000fed00000| Untracked 
|  46|0x00000000fee00000, 0x00000000fee00000, 0x00000000fef00000|  0%| F|  |TAMS 0x00000000fee00000, 0x00000000fee00000| Untracked 
|  47|0x00000000fef00000, 0x00000000fef00000, 0x00000000ff000000|  0%| F|  |TAMS 0x00000000fef00000, 0x00000000fef00000| Untracked 
|  48|0x00000000ff000000, 0x00000000ff000000, 0x00000000ff100000|  0%| F|  |TAMS 0x00000000ff000000, 0x00000000ff000000| Untracked 
|  49|0x00000000ff100000, 0x00000000ff100000, 0x00000000ff200000|  0%| F|  |TAMS 0x00000000ff100000, 0x00000000ff100000| Untracked 
|  50|0x00000000ff200000, 0x00000000ff200000, 0x00000000ff300000|  0%| F|  |TAMS 0x00000000ff200000, 0x00000000ff200000| Untracked 
|  51|0x00000000ff300000, 0x00000000ff300000, 0x00000000ff400000|  0%| F|  |TAMS 0x00000000ff300000, 0x00000000ff300000| Untracked 
|  52|0x00000000ff400000, 0x00000000ff424730, 0x00000000ff500000| 14%| E|  |TAMS 0x00000000ff400000, 0x00000000ff400000| Complete 
|  53|0x00000000ff500000, 0x00000000ff600000, 0x00000000ff600000|100%| E|CS|TAMS 0x00000000ff500000, 0x00000000ff500000| Complete 
|  54|0x00000000ff600000, 0x00000000ff700000, 0x00000000ff700000|100%| E|CS|TAMS 0x00000000ff600000, 0x00000000ff600000| Complete 
|  55|0x00000000ff700000, 0x00000000ff800000, 0x00000000ff800000|100%| E|CS|TAMS 0x00000000ff700000, 0x00000000ff700000| Complete 
|  56|0x00000000ff800000, 0x00000000ff900000, 0x00000000ff900000|100%| E|CS|TAMS 0x00000000ff800000, 0x00000000ff800000| Complete 
|  57|0x00000000ff900000, 0x00000000ffa00000, 0x00000000ffa00000|100%| E|CS|TAMS 0x00000000ff900000, 0x00000000ff900000| Complete 
|  58|0x00000000ffa00000, 0x00000000ffb00000, 0x00000000ffb00000|100%| E|CS|TAMS 0x00000000ffa00000, 0x00000000ffa00000| Complete 
|  59|0x00000000ffb00000, 0x00000000ffc00000, 0x00000000ffc00000|100%| E|CS|TAMS 0x00000000ffb00000, 0x00000000ffb00000| Complete 
|  60|0x00000000ffc00000, 0x00000000ffd00000, 0x00000000ffd00000|100%| E|CS|TAMS 0x00000000ffc00000, 0x00000000ffc00000| Complete 
|  61|0x00000000ffd00000, 0x00000000ffe00000, 0x00000000ffe00000|100%| E|CS|TAMS 0x00000000ffd00000, 0x00000000ffd00000| Complete 
|  62|0x00000000ffe00000, 0x00000000fff00000, 0x00000000fff00000|100%| E|CS|TAMS 0x00000000ffe00000, 0x00000000ffe00000| Complete 
|  63|0x00000000fff00000, 0x0000000100000000, 0x0000000100000000|100%| E|CS|TAMS 0x00000000fff00000, 0x00000000fff00000| Complete 

Card table byte_map: [0x0000020ccda70000,0x0000020ccda90000] _byte_map_base: 0x0000020ccd290000

Marking Bits (Prev, Next): (CMBitMap*) 0x0000020ccfb821d0, (CMBitMap*) 0x0000020ccfb82210
 Prev Bits: [0x0000020ce6710000, 0x0000020ce6810000)
 Next Bits: [0x0000020ce6810000, 0x0000020ce6910000)

Polling page: 0x0000020ccda20000

Metaspace:

Usage:
  Non-class:      8.12 MB used.
      Class:      1.23 MB used.
       Both:      9.35 MB used.

Virtual space:
  Non-class space:       64.00 MB reserved,       8.25 MB ( 13%) committed,  1 nodes.
      Class space:        1.00 GB reserved,       1.31 MB ( <1%) committed,  1 nodes.
             Both:        1.06 GB reserved,       9.56 MB ( <1%) committed. 

Chunk freelists:
   Non-Class:  7.66 MB
       Class:  14.51 MB
        Both:  22.16 MB

MaxMetaspaceSize: unlimited
CompressedClassSpaceSize: 1.00 GB
Initial GC threshold: 21.00 MB
Current GC threshold: 21.00 MB
CDS: on
MetaspaceReclaimPolicy: balanced
 - commit_granule_bytes: 65536.
 - commit_granule_words: 8192.
 - virtual_space_node_default_size: 8388608.
 - enlarge_chunks_in_place: 1.
 - new_chunks_are_fully_committed: 0.
 - uncommit_free_chunks: 1.
 - use_allocation_guard: 0.
 - handle_deallocations: 1.


Internal statistics:

num_allocs_failed_limit: 0.
num_arena_births: 80.
num_arena_deaths: 0.
num_vsnodes_births: 2.
num_vsnodes_deaths: 0.
num_space_committed: 153.
num_space_uncommitted: 0.
num_chunks_returned_to_freelist: 0.
num_chunks_taken_from_freelist: 348.
num_chunk_merges: 0.
num_chunk_splits: 228.
num_chunks_enlarged: 184.
num_inconsistent_stats: 0.

CodeHeap 'non-profiled nmethods': size=120000Kb used=908Kb max_used=908Kb free=119091Kb
 bounds [0x0000020cdeea0000, 0x0000020cdf110000, 0x0000020ce63d0000]
CodeHeap 'profiled nmethods': size=120000Kb used=3729Kb max_used=3729Kb free=116270Kb
 bounds [0x0000020cd73d0000, 0x0000020cd7780000, 0x0000020cde900000]
CodeHeap 'non-nmethods': size=5760Kb used=1185Kb max_used=1221Kb free=4574Kb
 bounds [0x0000020cde900000, 0x0000020cdeb70000, 0x0000020cdeea0000]
 total_blobs=2465 nmethods=1996 adapters=382
 compilation: enabled
              stopped_count=0, restarted_count=0
 full_count=0

Compilation events (20 events):
Event: 201.281 Thread 0x0000020ce9357550 nmethod 1988 0x0000020cdef71f90 code [0x0000020cdef724c0, 0x0000020cdef77a60]
Event: 201.495 Thread 0x0000020ce935b770 1989       3       com.google.common.base.Predicates$InstanceOfPredicate::<init> (6 bytes)
Event: 201.496 Thread 0x0000020ce935b770 nmethod 1989 0x0000020cd7772a10 code [0x0000020cd7772be0, 0x0000020cd7772f68]
Event: 201.496 Thread 0x0000020ce935b770 1990       3       com.google.common.base.Predicates$InstanceOfPredicate::<init> (16 bytes)
Event: 201.497 Thread 0x0000020ce935b770 nmethod 1990 0x0000020cd7773110 code [0x0000020cd77732c0, 0x0000020cd77735e8]
Event: 217.684 Thread 0x0000020ce9357550 1991       4       org.gradle.internal.logging.sink.GroupingProgressLogEventGenerator::onUpdateNow (54 bytes)
Event: 217.747 Thread 0x0000020ce9357550 nmethod 1991 0x0000020cdef7be90 code [0x0000020cdef7c120, 0x0000020cdef7cd20]
Event: 218.097 Thread 0x0000020ce9357550 1992       4       org.gradle.internal.logging.console.MultiLineBuildProgressArea::redraw (203 bytes)
Event: 218.183 Thread 0x0000020ce9357550 nmethod 1992 0x0000020cdef7e010 code [0x0000020cdef7e380, 0x0000020cdef7f978]
Event: 221.989 Thread 0x0000020ce9357550 1993       4       com.google.common.collect.RegularImmutableList::size (6 bytes)
Event: 221.991 Thread 0x0000020ce9357550 nmethod 1993 0x0000020cdef81290 code [0x0000020cdef81400, 0x0000020cdef81498]
Event: 226.450 Thread 0x0000020ce9357550 1994       4       java.lang.AbstractStringBuilder::checkRangeSIOOBE (63 bytes)
Event: 226.451 Thread 0x0000020ce9357550 nmethod 1994 0x0000020cdef81590 code [0x0000020cdef81700, 0x0000020cdef817b8]
Event: 226.453 Thread 0x0000020ce9357550 1995       4       java.util.ArrayList::remove (26 bytes)
Event: 226.465 Thread 0x0000020ce9357550 nmethod 1995 0x0000020cdef81890 code [0x0000020cdef81a20, 0x0000020cdef81c58]
Event: 226.465 Thread 0x0000020ce9357550 1996   !   4       org.gradle.internal.logging.console.ThrottlingOutputEventListener::onOutput (85 bytes)
Event: 226.566 Thread 0x0000020ce9357550 nmethod 1996 0x0000020cdef81e10 code [0x0000020cdef82020, 0x0000020cdef82b18]
Event: 229.208 Thread 0x0000020ce935b770 1997       3       com.google.common.collect.Iterators::forArray (51 bytes)
Event: 229.245 Thread 0x0000020ce935b770 nmethod 1997 0x0000020cd7773710 code [0x0000020cd7773940, 0x0000020cd7774138]
Event: 229.500 Thread 0x0000020ce9357550 2000       4       org.gradle.internal.logging.console.BuildStatusRenderer::onOutput (350 bytes)

GC Heap History (4 events):
Event: 0.382 GC heap before
{Heap before GC invocations=0 (full 0):
 garbage-first heap   total 65536K, used 22528K [0x00000000fc000000, 0x0000000100000000)
  region size 1024K, 23 young (23552K), 0 survivors (0K)
 Metaspace       used 1778K, committed 1920K, reserved 1114112K
  class space    used 160K, committed 192K, reserved 1048576K
}
Event: 0.385 GC heap after
{Heap after GC invocations=1 (full 0):
 garbage-first heap   total 65536K, used 2304K [0x00000000fc000000, 0x0000000100000000)
  region size 1024K, 3 young (3072K), 3 survivors (3072K)
 Metaspace       used 1778K, committed 1920K, reserved 1114112K
  class space    used 160K, committed 192K, reserved 1048576K
}
Event: 1.524 GC heap before
{Heap before GC invocations=1 (full 0):
 garbage-first heap   total 65536K, used 35072K [0x00000000fc000000, 0x0000000100000000)
  region size 1024K, 33 young (33792K), 3 survivors (3072K)
 Metaspace       used 8035K, committed 8256K, reserved 1114112K
  class space    used 1099K, committed 1216K, reserved 1048576K
}
Event: 1.529 GC heap after
{Heap after GC invocations=2 (full 0):
 garbage-first heap   total 65536K, used 11174K [0x00000000fc000000, 0x0000000100000000)
  region size 1024K, 5 young (5120K), 5 survivors (5120K)
 Metaspace       used 8035K, committed 8256K, reserved 1114112K
  class space    used 1099K, committed 1216K, reserved 1048576K
}

Deoptimization events (20 events):
Event: 1.607 Thread 0x0000020ccfb5bf70 DEOPT PACKING pc=0x0000020cdeee22f4 sp=0x000000cfc96faf30
Event: 1.607 Thread 0x0000020ccfb5bf70 DEOPT UNPACKING pc=0x0000020cde955ba3 sp=0x000000cfc96fae68 mode 2
Event: 1.610 Thread 0x0000020ccfb5bf70 Uncommon trap: trap_request=0xffffffde fr.pc=0x0000020cdeee5674 relative=0x0000000000000074
Event: 1.610 Thread 0x0000020ccfb5bf70 Uncommon trap: reason=class_check action=maybe_recompile pc=0x0000020cdeee5674 method=java.util.AbstractList$Itr.hasNext()Z @ 8 c2
Event: 1.610 Thread 0x0000020ccfb5bf70 DEOPT PACKING pc=0x0000020cdeee5674 sp=0x000000cfc96fc090
Event: 1.610 Thread 0x0000020ccfb5bf70 DEOPT UNPACKING pc=0x0000020cde955ba3 sp=0x000000cfc96fc028 mode 2
Event: 1.653 Thread 0x0000020ccfb5bf70 Uncommon trap: trap_request=0xffffffde fr.pc=0x0000020cdeee5674 relative=0x0000000000000074
Event: 1.653 Thread 0x0000020ccfb5bf70 Uncommon trap: reason=class_check action=maybe_recompile pc=0x0000020cdeee5674 method=java.util.AbstractList$Itr.hasNext()Z @ 8 c2
Event: 1.653 Thread 0x0000020ccfb5bf70 DEOPT PACKING pc=0x0000020cdeee5674 sp=0x000000cfc96fd0c0
Event: 1.653 Thread 0x0000020ccfb5bf70 DEOPT UNPACKING pc=0x0000020cde955ba3 sp=0x000000cfc96fd058 mode 2
Event: 2.291 Thread 0x0000020ceea5f8f0 DEOPT PACKING pc=0x0000020cd7638bc9 sp=0x000000cfcadfd790
Event: 2.291 Thread 0x0000020ceea5f8f0 DEOPT UNPACKING pc=0x0000020cde9566e3 sp=0x000000cfcadfcca0 mode 0
Event: 65.926 Thread 0x0000020ceea5f8f0 Uncommon trap: trap_request=0xffffff45 fr.pc=0x0000020cdef4d6b0 relative=0x0000000000000530
Event: 65.927 Thread 0x0000020ceea5f8f0 Uncommon trap: reason=unstable_if action=reinterpret pc=0x0000020cdef4d6b0 method=org.gradle.internal.logging.text.AbstractLineChoppingStyledTextOutput$2.execute(Lorg/gradle/internal/logging/text/AbstractLineChoppingStyledTextOutput$StateContext;)V @ 34 c
Event: 65.928 Thread 0x0000020ceea5f8f0 DEOPT PACKING pc=0x0000020cdef4d6b0 sp=0x000000cfcadfe810
Event: 65.929 Thread 0x0000020ceea5f8f0 DEOPT UNPACKING pc=0x0000020cde955ba3 sp=0x000000cfcadfe698 mode 2
Event: 72.141 Thread 0x0000020ccfb5bf70 DEOPT PACKING pc=0x0000020cd7663c4d sp=0x000000cfc96fcc40
Event: 72.142 Thread 0x0000020ccfb5bf70 DEOPT UNPACKING pc=0x0000020cde9566e3 sp=0x000000cfc96fc0d8 mode 0
Event: 123.452 Thread 0x0000020ceea5f8f0 DEOPT PACKING pc=0x0000020cd7694283 sp=0x000000cfcadfde90
Event: 123.453 Thread 0x0000020ceea5f8f0 DEOPT UNPACKING pc=0x0000020cde9566e3 sp=0x000000cfcadfd300 mode 0

Classes unloaded (0 events):
No events

Classes redefined (0 events):
No events

Internal exceptions (20 events):
Event: 0.704 Thread 0x0000020ccfb5bf70 Exception <a 'java/lang/NoSuchMethodError'{0x00000000ff26b9e8}: 'java.lang.Object java.lang.invoke.DirectMethodHandle$Holder.invokeStaticInit(java.lang.Object)'> (0x00000000ff26b9e8) 
thrown [s\open\src\hotspot\share\interpreter\linkResolver.cpp, line 759]
Event: 0.715 Thread 0x0000020ccfb5bf70 Exception <a 'java/lang/NoSuchMethodError'{0x00000000ff286a30}: 'int java.lang.invoke.DirectMethodHandle$Holder.invokeSpecial(java.lang.Object, java.lang.Object, java.lang.Object)'> (0x00000000ff286a30) 
thrown [s\open\src\hotspot\share\interpreter\linkResolver.cpp, line 759]
Event: 0.723 Thread 0x0000020ccfb5bf70 Exception <a 'java/lang/NoSuchMethodError'{0x00000000ff2c2e10}: 'void java.lang.invoke.DirectMethodHandle$Holder.invokeStatic(java.lang.Object, java.lang.Object)'> (0x00000000ff2c2e10) 
thrown [s\open\src\hotspot\share\interpreter\linkResolver.cpp, line 759]
Event: 0.725 Thread 0x0000020ccfb5bf70 Implicit null exception at 0x0000020cdef0710f to 0x0000020cdef07630
Event: 0.725 Thread 0x0000020ccfb5bf70 Implicit null exception at 0x0000020cdeee640f to 0x0000020cdeee693c
Event: 0.725 Thread 0x0000020ccfb5bf70 Implicit null exception at 0x0000020cdeed0b0f to 0x0000020cdeed0b89
Event: 0.746 Thread 0x0000020ccfb5bf70 Exception <a 'java/lang/NoClassDefFoundError'{0x00000000ff1429d8}: org/slf4j/impl/StaticMarkerBinder> (0x00000000ff1429d8) 
thrown [s\open\src\hotspot\share\classfile\systemDictionary.cpp, line 245]
Event: 0.798 Thread 0x0000020ccfb5bf70 Exception <a 'java/lang/NoSuchMethodError'{0x00000000ff06d898}: 'java.lang.Object java.lang.invoke.Invokers$Holder.invoker(java.lang.Object, java.lang.Object, java.lang.Object)'> (0x00000000ff06d898) 
thrown [s\open\src\hotspot\share\interpreter\linkResolver.cpp, line 759]
Event: 0.800 Thread 0x0000020ccfb5bf70 Exception <a 'java/lang/NoSuchMethodError'{0x00000000ff0769f0}: 'java.lang.Object java.lang.invoke.DirectMethodHandle$Holder.invokeStatic(java.lang.Object, java.lang.Object, int)'> (0x00000000ff0769f0) 
thrown [s\open\src\hotspot\share\interpreter\linkResolver.cpp, line 759]
Event: 0.802 Thread 0x0000020ccfb5bf70 Exception <a 'java/lang/NoSuchMethodError'{0x00000000ff082938}: 'void java.lang.invoke.DelegatingMethodHandle$Holder.delegate(java.lang.Object, java.lang.Object, int, java.lang.Object)'> (0x00000000ff082938) 
thrown [s\open\src\hotspot\share\interpreter\linkResolver.cpp, line 759]
Event: 0.806 Thread 0x0000020ccfb5bf70 Exception <a 'java/lang/NoSuchMethodError'{0x00000000ff095f80}: 'java.lang.Object java.lang.invoke.Invokers$Holder.invokeExact_MT(java.lang.Object, java.lang.Object, java.lang.Object, java.lang.Object)'> (0x00000000ff095f80) 
thrown [s\open\src\hotspot\share\interpreter\linkResolver.cpp, line 759]
Event: 0.815 Thread 0x0000020ccfb5bf70 Exception <a 'java/lang/NoSuchMethodError'{0x00000000ff0c0da0}: 'java.lang.Object java.lang.invoke.DirectMethodHandle$Holder.invokeVirtual(java.lang.Object, java.lang.Object, java.lang.Object)'> (0x00000000ff0c0da0) 
thrown [s\open\src\hotspot\share\interpreter\linkResolver.cpp, line 759]
Event: 0.966 Thread 0x0000020ccfb5bf70 Exception <a 'java/lang/NoSuchMethodError'{0x00000000fecf07b0}: 'java.lang.Object java.lang.invoke.DirectMethodHandle$Holder.newInvokeSpecial(java.lang.Object, java.lang.Object, java.lang.Object, java.lang.Object, java.lang.Object)'> (0x00000000fecf07b0) 
thrown [s\open\src\hotspot\share\interpreter\linkResolver.cpp, line 759]
Event: 1.007 Thread 0x0000020ccfb5bf70 Exception <a 'java/lang/NoSuchMethodError'{0x00000000fea62760}: 'void java.lang.invoke.DirectMethodHandle$Holder.invokeSpecial(java.lang.Object, java.lang.Object, java.lang.Object)'> (0x00000000fea62760) 
thrown [s\open\src\hotspot\share\interpreter\linkResolver.cpp, line 759]
Event: 1.308 Thread 0x0000020ccfb5bf70 Exception <a 'java/lang/NoSuchMethodError'{0x00000000fe5b1048}: 'void java.lang.invoke.DirectMethodHandle$Holder.invokeStatic(java.lang.Object, java.lang.Object, java.lang.Object)'> (0x00000000fe5b1048) 
thrown [s\open\src\hotspot\share\interpreter\linkResolver.cpp, line 759]
Event: 1.374 Thread 0x0000020ccfb5bf70 Exception <a 'java/lang/NoSuchMethodError'{0x00000000fe243680}: 'java.lang.Object java.lang.invoke.DirectMethodHandle$Holder.newInvokeSpecial(java.lang.Object, java.lang.Object, java.lang.Object, java.lang.Object, java.lang.Object, java.lang.Object, java.lang.Object, java.lang.Object, java.lang.Object, java.lang.Object, java.lang.Object, java.lang.Object, java.lang.Object, java.lang.Object, java.lang.Object, java.lang.Object, java.lang.Object, java.lang.Object, java.lang.Object, java.lang.Object, java.lang
Event: 1.374 Thread 0x0000020ccfb5bf70 Exception <a 'java/lang/NoSuchMethodError'{0x00000000fe24fc88}: 'java.lang.Object java.lang.invoke.Invokers$Holder.linkToTargetMethod(java.lang.Object, java.lang.Object, java.lang.Object, java.lang.Object, java.lang.Object, java.lang.Object, java.lang.Object, java.lang.Object, java.lang.Object, java.lang.Object, java.lang.Object, java.lang.Object, java.lang.Object, java.lang.Object, java.lang.Object, java.lang.Object, java.lang.Object, java.lang.Object, java.lang.Object, java.lang.Object, java.lang.Object,
Event: 1.428 Thread 0x0000020ccfb5bf70 Exception <a 'java/lang/NoSuchMethodError'{0x00000000fe0ada10}: 'java.lang.Object java.lang.invoke.DirectMethodHandle$Holder.invokeStaticInit(java.lang.Object, int, int, int, int)'> (0x00000000fe0ada10) 
thrown [s\open\src\hotspot\share\interpreter\linkResolver.cpp, line 759]
Event: 1.488 Thread 0x0000020ccfb5bf70 Exception <a 'java/lang/NoSuchMethodError'{0x00000000fe0fdef8}: 'java.lang.Object java.lang.invoke.DirectMethodHandle$Holder.invokeStaticInit(java.lang.Object, java.lang.Object, int, int, int, int)'> (0x00000000fe0fdef8) 
thrown [s\open\src\hotspot\share\interpreter\linkResolver.cpp, line 759]
Event: 1.510 Thread 0x0000020ccfb5bf70 Implicit null exception at 0x0000020cdeeebcd5 to 0x0000020cdeeec2f8

VM Operations (20 events):
Event: 181.477 Executing VM operation: Cleanup
Event: 181.477 Executing VM operation: Cleanup done
Event: 183.492 Executing VM operation: Cleanup
Event: 183.492 Executing VM operation: Cleanup done
Event: 189.540 Executing VM operation: Cleanup
Event: 189.542 Executing VM operation: Cleanup done
Event: 191.550 Executing VM operation: Cleanup
Event: 191.551 Executing VM operation: Cleanup done
Event: 192.559 Executing VM operation: Cleanup
Event: 192.559 Executing VM operation: Cleanup done
Event: 218.782 Executing VM operation: Cleanup
Event: 218.784 Executing VM operation: Cleanup done
Event: 221.812 Executing VM operation: Cleanup
Event: 221.816 Executing VM operation: Cleanup done
Event: 222.822 Executing VM operation: Cleanup
Event: 222.822 Executing VM operation: Cleanup done
Event: 226.847 Executing VM operation: Cleanup
Event: 226.850 Executing VM operation: Cleanup done
Event: 227.861 Executing VM operation: Cleanup
Event: 227.861 Executing VM operation: Cleanup done

Events (20 events):
Event: 8.363 loading class jdk/internal/logger/LoggerFinderLoader
Event: 8.364 loading class jdk/internal/logger/LoggerFinderLoader done
Event: 8.364 loading class jdk/internal/logger/LoggerFinderLoader$TemporaryLoggerFinder
Event: 8.364 loading class jdk/internal/logger/LoggerFinderLoader$TemporaryLoggerFinder done
Event: 8.365 loading class sun/util/logging/internal/LoggingProviderImpl$JULWrapper
Event: 8.365 loading class sun/util/logging/PlatformLogger$ConfigurableBridge$LoggerConfiguration
Event: 8.366 loading class sun/util/logging/PlatformLogger$ConfigurableBridge$LoggerConfiguration done
Event: 8.366 loading class sun/util/logging/internal/LoggingProviderImpl$JULWrapper done
Event: 8.366 loading class java/io/ObjectInputFilter
Event: 8.367 loading class java/io/ObjectInputFilter done
Event: 8.367 loading class java/io/ObjectInputFilter$Config$BuiltinFilterFactory
Event: 8.367 loading class java/io/ObjectInputFilter$Config$BuiltinFilterFactory done
Event: 8.367 loading class jdk/internal/access/JavaObjectInputFilterAccess
Event: 8.367 loading class jdk/internal/access/JavaObjectInputFilterAccess done
Event: 8.368 loading class java/lang/System$Logger$Level
Event: 8.368 loading class java/lang/System$Logger$Level done
Event: 8.368 loading class java/io/Bits
Event: 8.368 loading class java/io/Bits done
Event: 11.486 loading class java/util/ArrayList$ListItr
Event: 11.486 loading class java/util/ArrayList$ListItr done


Dynamic libraries:
0x00007ff6b3730000 - 0x00007ff6b3740000 	C:\Program Files\Java\jdk-17\bin\java.exe
0x00007ffe3dbe0000 - 0x00007ffe3de48000 	C:\WINDOWS\SYSTEM32\ntdll.dll
0x00007ffe3d000000 - 0x00007ffe3d0c9000 	C:\WINDOWS\System32\KERNEL32.DLL
0x00007ffe3af80000 - 0x00007ffe3b371000 	C:\WINDOWS\System32\KERNELBASE.dll
0x00007ffe3b410000 - 0x00007ffe3b55b000 	C:\WINDOWS\System32\ucrtbase.dll
0x00007ffe29d30000 - 0x00007ffe29d49000 	C:\Program Files\Java\jdk-17\bin\jli.dll
0x00007ffe3bf00000 - 0x00007ffe3bfb4000 	C:\WINDOWS\System32\ADVAPI32.dll
0x00007ffe3cdf0000 - 0x00007ffe3ce99000 	C:\WINDOWS\System32\msvcrt.dll
0x00007ffe3d310000 - 0x00007ffe3d3b6000 	C:\WINDOWS\System32\sechost.dll
0x00007ffe3cb60000 - 0x00007ffe3cc78000 	C:\WINDOWS\System32\RPCRT4.dll
0x00007ffe3d640000 - 0x00007ffe3d806000 	C:\WINDOWS\System32\USER32.dll
0x00007ffe3ade0000 - 0x00007ffe3ae07000 	C:\WINDOWS\System32\win32u.dll
0x00007ffe3cad0000 - 0x00007ffe3cafb000 	C:\WINDOWS\System32\GDI32.dll
0x00007ffe3b560000 - 0x00007ffe3b68b000 	C:\WINDOWS\System32\gdi32full.dll
0x00007ffe3a4c0000 - 0x00007ffe3a563000 	C:\WINDOWS\System32\msvcp_win.dll
0x00007ffe29b90000 - 0x00007ffe29bab000 	C:\Program Files\Java\jdk-17\bin\VCRUNTIME140.dll
0x00007ffe1cf80000 - 0x00007ffe1d213000 	C:\WINDOWS\WinSxS\amd64_microsoft.windows.common-controls_6595b64144ccf1df_6.0.26100.7705_none_3e06597ae3363b04\COMCTL32.dll
0x00007ffe35a00000 - 0x00007ffe35a0b000 	C:\WINDOWS\SYSTEM32\VERSION.dll
0x00007ffe3cea0000 - 0x00007ffe3ced1000 	C:\WINDOWS\System32\IMM32.DLL
0x00007ffdd5150000 - 0x00007ffdd526a000 	C:\Program Files\Topaz OFD\Warsaw\wslbscr64.dll
0x00007ffe3c1b0000 - 0x00007ffe3c901000 	C:\WINDOWS\System32\SHELL32.dll
0x00007ffe3ae10000 - 0x00007ffe3af7a000 	C:\WINDOWS\System32\wintypes.dll
0x00007ffe3d810000 - 0x00007ffe3db96000 	C:\WINDOWS\System32\combase.dll
0x00007ffe39350000 - 0x00007ffe39386000 	C:\WINDOWS\SYSTEM32\ntmarta.dll
0x00007ffdd4fa0000 - 0x00007ffdd509a000 	C:\Program Files\Topaz OFD\Warsaw\wslbscrwh64.dll
0x00007ffe35a70000 - 0x00007ffe35a7c000 	C:\Program Files\Java\jdk-17\bin\vcruntime140_1.dll
0x00007ffe20550000 - 0x00007ffe205de000 	C:\Program Files\Java\jdk-17\bin\msvcp140.dll
0x00007ffdcd670000 - 0x00007ffdce250000 	C:\Program Files\Java\jdk-17\bin\server\jvm.dll
0x00007ffe3ba10000 - 0x00007ffe3ba18000 	C:\WINDOWS\System32\PSAPI.DLL
0x00007ffe147b0000 - 0x00007ffe147ba000 	C:\WINDOWS\SYSTEM32\WSOCK32.dll
0x00007ffe3d270000 - 0x00007ffe3d2e4000 	C:\WINDOWS\System32\WS2_32.dll
0x00007ffe384e0000 - 0x00007ffe38515000 	C:\WINDOWS\SYSTEM32\WINMM.dll
0x00007ffe39230000 - 0x00007ffe3924b000 	C:\WINDOWS\SYSTEM32\kernel.appcore.dll
0x00007ffe350e0000 - 0x00007ffe350ea000 	C:\Program Files\Java\jdk-17\bin\jimage.dll
0x00007ffe38210000 - 0x00007ffe38452000 	C:\WINDOWS\SYSTEM32\DBGHELP.DLL
0x00007ffe3cee0000 - 0x00007ffe3cfb7000 	C:\WINDOWS\System32\OLEAUT32.dll
0x00007ffe384a0000 - 0x00007ffe384db000 	C:\WINDOWS\SYSTEM32\dbgcore.DLL
0x00007ffe3b8d0000 - 0x00007ffe3b975000 	C:\WINDOWS\System32\bcryptPrimitives.dll
0x00007ffe29a90000 - 0x00007ffe29ab5000 	C:\Program Files\Java\jdk-17\bin\java.dll
0x00007ffe20470000 - 0x00007ffe20547000 	C:\Program Files\Java\jdk-17\bin\jsvml.dll
0x00007ffe3a570000 - 0x00007ffe3add2000 	C:\WINDOWS\System32\windows.storage.dll
0x00007ffe3c910000 - 0x00007ffe3ca06000 	C:\WINDOWS\System32\SHCORE.dll
0x00007ffe3cd80000 - 0x00007ffe3cde7000 	C:\WINDOWS\System32\shlwapi.dll
0x00007ffe3a3e0000 - 0x00007ffe3a409000 	C:\WINDOWS\SYSTEM32\profapi.dll
0x00007ffe299b0000 - 0x00007ffe299c9000 	C:\Program Files\Java\jdk-17\bin\net.dll
0x00007ffe31ff0000 - 0x00007ffe32117000 	C:\WINDOWS\SYSTEM32\WINHTTP.dll
0x00007ffe39780000 - 0x00007ffe397eb000 	C:\WINDOWS\system32\mswsock.dll
0x00007ffe223c0000 - 0x00007ffe223d6000 	C:\Program Files\Java\jdk-17\bin\nio.dll
0x00007ffe20ee0000 - 0x00007ffe20ef8000 	C:\Program Files\Java\jdk-17\bin\zip.dll
0x00007ffe2b500000 - 0x00007ffe2b510000 	C:\Program Files\Java\jdk-17\bin\verify.dll
0x00007ffe2b4d0000 - 0x00007ffe2b4da000 	C:\Program Files\Java\jdk-17\bin\management.dll
0x00007ffe29e80000 - 0x00007ffe29e8b000 	C:\Program Files\Java\jdk-17\bin\management_ext.dll
0x00007ffe20970000 - 0x00007ffe20997000 	C:\Users\Felinto_\.gradle\native\1def1411415f61bf3af743bc5b6707747c0891f09f0c88961ee8f79bc544acac\windows-amd64\native-platform.dll
0x00007ffe35240000 - 0x00007ffe3524a000 	C:\Users\Felinto_\.gradle\native\jansi\1.18\windows64\jansi.dll
0x00007ffe38c80000 - 0x00007ffe38cb4000 	C:\WINDOWS\SYSTEM32\IPHLPAPI.DLL
0x00007ffe3d3c0000 - 0x00007ffe3d3ca000 	C:\WINDOWS\System32\NSI.dll
0x00007ffe32210000 - 0x00007ffe3222e000 	C:\WINDOWS\SYSTEM32\dhcpcsvc6.DLL
0x00007ffe321e0000 - 0x00007ffe32203000 	C:\WINDOWS\SYSTEM32\dhcpcsvc.DLL
0x00007ffe38d20000 - 0x00007ffe38e4c000 	C:\WINDOWS\SYSTEM32\DNSAPI.dll
0x00007ffe39b70000 - 0x00007ffe39b8b000 	C:\WINDOWS\SYSTEM32\CRYPTSP.dll
0x00007ffe39190000 - 0x00007ffe391c9000 	C:\WINDOWS\system32\rsaenh.dll
0x00007ffe39830000 - 0x00007ffe3985b000 	C:\WINDOWS\SYSTEM32\USERENV.dll
0x00007ffe3a3b0000 - 0x00007ffe3a3da000 	C:\WINDOWS\SYSTEM32\bcrypt.dll
0x00007ffe399d0000 - 0x00007ffe399dc000 	C:\WINDOWS\SYSTEM32\CRYPTBASE.dll
0x00007ffe29d20000 - 0x00007ffe29d2e000 	C:\Program Files\Java\jdk-17\bin\sunmscapi.dll
0x00007ffe3b750000 - 0x00007ffe3b8c7000 	C:\WINDOWS\System32\CRYPT32.dll
0x00007ffe39cc0000 - 0x00007ffe39cf0000 	C:\WINDOWS\SYSTEM32\ncrypt.dll
0x00007ffe39c70000 - 0x00007ffe39caf000 	C:\WINDOWS\SYSTEM32\NTASN1.dll
0x00007ffe03da0000 - 0x00007ffe03da8000 	C:\WINDOWS\system32\wshunix.dll

dbghelp: loaded successfully - version: 4.0.5 - missing functions: none
symbol engine: initialized successfully - sym options: 0x614 - pdb path: .;C:\Program Files\Java\jdk-17\bin;C:\WINDOWS\SYSTEM32;C:\WINDOWS\WinSxS\amd64_microsoft.windows.common-controls_6595b64144ccf1df_6.0.26100.7705_none_3e06597ae3363b04;C:\Program Files\Topaz OFD\Warsaw;C:\Program Files\Java\jdk-17\bin\server;C:\Users\Felinto_\.gradle\native\1def1411415f61bf3af743bc5b6707747c0891f09f0c88961ee8f79bc544acac\windows-amd64;C:\Users\Felinto_\.gradle\native\jansi\1.18\windows64

VM Arguments:
jvm_args: -Dfile.encoding=UTF-8 -Xmx64m -Xms64m -Dfile.encoding=UTF-8 -Dorg.gradle.appname=gradlew 
java_command: D:\DoseCerta-refatorado\android\\gradle\wrapper\gradle-wrapper.jar app:installDebug -PreactNativeDevServerPort=8081
java_class_path (initial): D:\DoseCerta-refatorado\android\\gradle\wrapper\gradle-wrapper.jar
Launcher Type: SUN_STANDARD

[Global flags]
     intx CICompilerCount                          = 4                                         {product} {ergonomic}
     uint ConcGCThreads                            = 2                                         {product} {ergonomic}
     uint G1ConcRefinementThreads                  = 8                                         {product} {ergonomic}
   size_t G1HeapRegionSize                         = 1048576                                   {product} {ergonomic}
    uintx GCDrainStackTargetSize                   = 64                                        {product} {ergonomic}
   size_t InitialHeapSize                          = 67108864                                  {product} {command line}
   size_t MarkStackSize                            = 4194304                                   {product} {ergonomic}
   size_t MaxHeapSize                              = 67108864                                  {product} {command line}
   size_t MaxNewSize                               = 39845888                                  {product} {ergonomic}
   size_t MinHeapDeltaBytes                        = 1048576                                   {product} {ergonomic}
   size_t MinHeapSize                              = 67108864                                  {product} {command line}
    uintx NonNMethodCodeHeapSize                   = 5839372                                {pd product} {ergonomic}
    uintx NonProfiledCodeHeapSize                  = 122909434                              {pd product} {ergonomic}
    uintx ProfiledCodeHeapSize                     = 122909434                              {pd product} {ergonomic}
    uintx ReservedCodeCacheSize                    = 251658240                              {pd product} {ergonomic}
     bool SegmentedCodeCache                       = true                                      {product} {ergonomic}
   size_t SoftMaxHeapSize                          = 67108864                               {manageable} {ergonomic}
     bool UseCompressedClassPointers               = true                           {product lp64_product} {ergonomic}
     bool UseCompressedOops                        = true                           {product lp64_product} {ergonomic}
     bool UseG1GC                                  = true                                      {product} {ergonomic}
     bool UseLargePagesIndividualAllocation        = false                                  {pd product} {ergonomic}

Logging:
Log output configuration:
 #0: stdout all=warning uptime,level,tags
 #1: stderr all=off uptime,level,tags

Environment Variables:
JAVA_HOME=C:\Program Files\Java\jdk-17
JAVA_TOOL_OPTIONS=-Dfile.encoding=UTF-8
PATH=D:\DoseCerta-refatorado\node_modules\.bin;D:\DoseCerta-refatorado\node_modules\.bin;D:\node_modules\.bin;C:\Users\Felinto_\AppData\Roaming\npm\node_modules\npm\node_modules\@npmcli\run-script\lib\node-gyp-bin;C:\Program Files (x86)\Common Files\Oracle\Java\java8path;C:\Program Files (x86)\Common Files\Oracle\Java\javapath;D:\Users\Felinto_\AppData\Local\Programs\Python\Python314\Scripts\;D:\Users\Felinto_\AppData\Local\Programs\Python\Python314\;D:\Program Files\nodejs;D:\Program Files\Git\cmd;C:\Users\Felinto_\AppData\Local\Android\Sdk\platform-tools;C:\Windows\System32;C:\Program Files\dotnet\;D:\Program Files\CMake\bin;C:\Users\Felinto_\AppData\Local\Programs\Python\Python313\Scripts\;C:\Users\Felinto_\AppData\Local\Programs\Python\Python313\;C:\Program Files (x86)\Common Files\Oracle\Java\java8path;C:\Program Files (x86)\Common Files\Oracle\Java\javapath;D:\Users\Felinto_\AppData\Local\Programs\Python\Python314\Scripts\;D:\Users\Felinto_\AppData\Local\Programs\Python\Python314\;D:\Program Files\nodejs;D:\Program Files\Git\cmd;C:\Users\Felinto_\AppData\Local\Android\Sdk\platform-tools;C:\Windows\System32;C:\Program Files\dotnet\;D:\Program Files\CMake\bin;C:\Program Files\Java\jdk-17\bin;D:\Users\Felinto_\AppData\Local\Programs\Microsoft VS Code\bin;D:\Users\Felinto_\AppData\Local\Programs\Antigravity\bin;C:\Windows\System32;C:\Users\Felinto_\AppData\Local\Microsoft\WindowsApps;
USERNAME=Felinto_
OS=Windows_NT
PROCESSOR_IDENTIFIER=Intel64 Family 6 Model 140 Stepping 1, GenuineIntel



---------------  S Y S T E M  ---------------

OS:
 Windows 11 , 64 bit Build 26100 (10.0.26100.7705)
OS uptime: 5 days 22:36 hours
Hyper-V role detected

CPU: total 8 (initial active 8) (4 cores per cpu, 2 threads per core) family 6 model 140 stepping 1 microcode 0xbc, cx8, cmov, fxsr, ht, mmx, 3dnowpref, sse, sse2, sse3, ssse3, sse4.1, sse4.2, popcnt, lzcnt, tsc, tscinvbit, avx, avx2, aes, erms, clmul, bmi1, bmi2, adx, avx512f, avx512dq, avx512cd, avx512bw, avx512vl, sha, fma, vzeroupper, avx512_vpopcntdq, avx512_vpclmulqdq, avx512_vaes, avx512_vnni, clflush, clflushopt, clwb, avx512_vbmi2, avx512_vbmi, hv

Memory: 4k page, system-wide physical 7934M (989M free)
TotalPageFile size 32510M (AvailPageFile size 0M)
current process WorkingSet (physical memory assigned to process): 31M, peak: 114M
current process commit charge ("private bytes"): 182M, peak: 187M

vm_info: Java HotSpot(TM) 64-Bit Server VM (17.0.12+8-LTS-286) for windows-amd64 JRE (17.0.12+8-LTS-286), built on Jun  5 2024 06:46:59 by "mach5one" with MS VC++ 17.6 (VS2022)

END.
