#
# There is insufficient memory for the Java Runtime Environment to continue.
# Native memory allocation (malloc) failed to allocate 32744 bytes for ChunkPool::allocate
# Possible reasons:
#   The system is out of physical RAM or swap space
#   The process is running with CompressedOops enabled, and the Java Heap may be blocking the growth of the native heap
# Possible solutions:
#   Reduce memory load on the system
#   Increase physical memory or swap space
#   Check if swap backing store is full
#   Decrease Java heap size (-Xmx/-Xms)
#   Decrease number of Java threads
#   Decrease Java thread stack sizes (-Xss)
#   Set larger code cache with -XX:ReservedCodeCacheSize=
#   JVM is running with Unscaled Compressed Oops mode in which the Java heap is
#     placed in the first 4GB address space. The Java Heap base address is the
#     maximum limit for the native heap growth. Please use -XX:HeapBaseMinAddress
#     to set the Java Heap base and to place the Java Heap above 4GB virtual address.
# This output file may be truncated or incomplete.
#
#  Out of Memory Error (arena.cpp:78), pid=26180, tid=22712
#
# JRE version: Java(TM) SE Runtime Environment (17.0.12+8) (build 17.0.12+8-LTS-286)
# Java VM: Java HotSpot(TM) 64-Bit Server VM (17.0.12+8-LTS-286, mixed mode, sharing, tiered, compressed oops, compressed class ptrs, g1 gc, windows-amd64)
# No core dump will be written. Minidumps are not enabled by default on client versions of Windows
#

---------------  S U M M A R Y ------------

Command Line: -Dfile.encoding=UTF-8 -Xmx64m -Xms64m -Dfile.encoding=UTF-8 -Dorg.gradle.appname=gradlew D:\DoseCerta-refatorado\android\\gradle\wrapper\gradle-wrapper.jar app:installDebug -PreactNativeDevServerPort=8081

Host: 11th Gen Intel(R) Core(TM) i5-1135G7 @ 2.40GHz, 8 cores, 7G,  Windows 11 , 64 bit Build 26100 (10.0.26100.7705)
Time: Sat Feb  7 21:53:48 2026 Hora Padr緌 de Caracas elapsed time: 254.357128 seconds (0d 0h 4m 14s)

---------------  T H R E A D  ---------------

Current thread (0x0000023a517e3070):  JavaThread "C2 CompilerThread0" daemon [_thread_in_native, id=22712, stack(0x0000007980200000,0x0000007980300000)]


Current CompileTask:
C2: 254357 1991       4       org.gradle.internal.logging.console.BuildStatusRenderer::onOutput (350 bytes)

Stack: [0x0000007980200000,0x0000007980300000]
Native frames: (J=compiled Java code, j=interpreted, Vv=VM code, C=native code)
V  [jvm.dll+0x67a04a]
V  [jvm.dll+0x7da4ed]
V  [jvm.dll+0x7dbe33]
V  [jvm.dll+0x7dc4a3]
V  [jvm.dll+0x24508f]
V  [jvm.dll+0xab9a4]
V  [jvm.dll+0xabd3c]
V  [jvm.dll+0x68acdd]
V  [jvm.dll+0x6875e6]
V  [jvm.dll+0x1a5bac]
V  [jvm.dll+0x1a6708]
V  [jvm.dll+0x2a975c]
V  [jvm.dll+0x6923b6]
V  [jvm.dll+0x68a3d5]
V  [jvm.dll+0x689a20]
V  [jvm.dll+0x687932]
V  [jvm.dll+0x1a5bac]
V  [jvm.dll+0x215818]
V  [jvm.dll+0x1a2960]
V  [jvm.dll+0x22610b]
V  [jvm.dll+0x2242ab]
V  [jvm.dll+0x79075c]
V  [jvm.dll+0x78abea]
V  [jvm.dll+0x678f35]
C  [ucrtbase.dll+0x37b0]
C  [KERNEL32.DLL+0x2e8d7]
C  [ntdll.dll+0x8c40c]


---------------  P R O C E S S  ---------------

Threads class SMR info:
_java_thread_list=0x0000023a972a5d20, length=13, elements={
0x0000023a37ffbf70, 0x0000023a517bdbe0, 0x0000023a517be6b0, 0x0000023a517d3fb0,
0x0000023a517d6890, 0x0000023a517d7770, 0x0000023a517da460, 0x0000023a517e3070,
0x0000023a517e3980, 0x0000023a517e6ec0, 0x0000023a51a53560, 0x0000023a51a5c860,
0x0000023a97b18d10
}

Java Threads: ( => current thread )
  0x0000023a37ffbf70 JavaThread "main" [_thread_in_native, id=19884, stack(0x00000079ff500000,0x00000079ff600000)]
  0x0000023a517bdbe0 JavaThread "Reference Handler" daemon [_thread_blocked, id=13524, stack(0x00000079ffc00000,0x00000079ffd00000)]
  0x0000023a517be6b0 JavaThread "Finalizer" daemon [_thread_blocked, id=15452, stack(0x00000079ffd00000,0x00000079ffe00000)]
  0x0000023a517d3fb0 JavaThread "Signal Dispatcher" daemon [_thread_blocked, id=19372, stack(0x00000079ffe00000,0x00000079fff00000)]
  0x0000023a517d6890 JavaThread "Attach Listener" daemon [_thread_blocked, id=15808, stack(0x00000079fff00000,0x0000007a00000000)]
  0x0000023a517d7770 JavaThread "Service Thread" daemon [_thread_blocked, id=5380, stack(0x0000007980000000,0x0000007980100000)]
  0x0000023a517da460 JavaThread "Monitor Deflation Thread" daemon [_thread_blocked, id=4336, stack(0x0000007980100000,0x0000007980200000)]
=>0x0000023a517e3070 JavaThread "C2 CompilerThread0" daemon [_thread_in_native, id=22712, stack(0x0000007980200000,0x0000007980300000)]
  0x0000023a517e3980 JavaThread "C1 CompilerThread0" daemon [_thread_blocked, id=17780, stack(0x0000007980300000,0x0000007980400000)]
  0x0000023a517e6ec0 JavaThread "Sweeper thread" daemon [_thread_blocked, id=19248, stack(0x0000007980400000,0x0000007980500000)]
  0x0000023a51a53560 JavaThread "Notification Thread" daemon [_thread_blocked, id=26000, stack(0x0000007980500000,0x0000007980600000)]
  0x0000023a51a5c860 JavaThread "Common-Cleaner" daemon [_thread_blocked, id=19220, stack(0x0000007980700000,0x0000007980800000)]
  0x0000023a97b18d10 JavaThread "pool-1-thread-1" [_thread_blocked, id=24504, stack(0x0000007980d00000,0x0000007980e00000)]

Other Threads:
  0x0000023a517bc240 VMThread "VM Thread" [stack: 0x00000079ffb00000,0x00000079ffc00000] [id=16588]
  0x0000023a35ccfe70 WatcherThread [stack: 0x0000007980600000,0x0000007980700000] [id=17440]
  0x0000023a3801fdf0 GCTaskThread "GC Thread#0" [stack: 0x00000079ff600000,0x00000079ff700000] [id=22116]
  0x0000023a9752b8f0 GCTaskThread "GC Thread#1" [stack: 0x0000007980a00000,0x0000007980b00000] [id=20476]
  0x0000023a970870e0 GCTaskThread "GC Thread#2" [stack: 0x0000007980b00000,0x0000007980c00000] [id=20152]
  0x0000023a51d5b290 GCTaskThread "GC Thread#3" [stack: 0x0000007980c00000,0x0000007980d00000] [id=5932]
  0x0000023a97b54dc0 GCTaskThread "GC Thread#4" [stack: 0x0000007980f00000,0x0000007981000000] [id=20860]
  0x0000023a97db8240 GCTaskThread "GC Thread#5" [stack: 0x0000007981000000,0x0000007981100000] [id=8900]
  0x0000023a97cf7860 GCTaskThread "GC Thread#6" [stack: 0x0000007981100000,0x0000007981200000] [id=17012]
  0x0000023a38023300 ConcurrentGCThread "G1 Main Marker" [stack: 0x00000079ff700000,0x00000079ff800000] [id=3684]
  0x0000023a38025ad0 ConcurrentGCThread "G1 Conc#0" [stack: 0x00000079ff800000,0x00000079ff900000] [id=4812]
  0x0000023a3807e870 ConcurrentGCThread "G1 Refine#0" [stack: 0x00000079ff900000,0x00000079ffa00000] [id=16428]
  0x0000023a5166ccf0 ConcurrentGCThread "G1 Service" [stack: 0x00000079ffa00000,0x00000079ffb00000] [id=14012]

Threads with active compile tasks:
C2 CompilerThread0   256432 1991       4       org.gradle.internal.logging.console.BuildStatusRenderer::onOutput (350 bytes)

VM state: not at safepoint (normal execution)

VM Mutex/Monitor currently owned by a thread: None

Heap address: 0x00000000fc000000, size: 64 MB, Compressed Oops mode: 32-bit

CDS archive(s) mapped at: [0x0000023a52000000-0x0000023a52bd0000-0x0000023a52bd0000), size 12386304, SharedBaseAddress: 0x0000023a52000000, ArchiveRelocationMode: 1.
Compressed class space mapped at: 0x0000023a53000000-0x0000023a93000000, reserved size: 1073741824
Narrow klass base: 0x0000023a52000000, Narrow klass shift: 0, Narrow klass range: 0x100000000

GC Precious Log:
 CPUs: 8 total, 8 available
 Memory: 7934M
 Large Page Support: Disabled
 NUMA Support: Disabled
 Compressed Oops: Enabled (32-bit)
 Heap Region Size: 1M
 Heap Min Capacity: 64M
 Heap Initial Capacity: 64M
 Heap Max Capacity: 64M
 Pre-touch: Disabled
 Parallel Workers: 8
 Concurrent Workers: 2
 Concurrent Refinement Workers: 8
 Periodic GC: Disabled

Heap:
 garbage-first heap   total 65536K, used 22957K [0x00000000fc000000, 0x0000000100000000)
  region size 1024K, 17 young (17408K), 5 survivors (5120K)
 Metaspace       used 9553K, committed 9792K, reserved 1114112K
  class space    used 1256K, committed 1344K, reserved 1048576K

Heap Regions: E=young(eden), S=young(survivor), O=old, HS=humongous(starts), HC=humongous(continues), CS=collection set, F=free, OA=open archive, CA=closed archive, TAMS=top-at-mark-start (previous, next)
|   0|0x00000000fc000000, 0x00000000fc100000, 0x00000000fc100000|100%|HS|  |TAMS 0x00000000fc000000, 0x00000000fc000000| Complete 
|   1|0x00000000fc100000, 0x00000000fc200000, 0x00000000fc200000|100%|HC|  |TAMS 0x00000000fc100000, 0x00000000fc100000| Complete 
|   2|0x00000000fc200000, 0x00000000fc300000, 0x00000000fc300000|100%|HC|  |TAMS 0x00000000fc200000, 0x00000000fc200000| Complete 
|   3|0x00000000fc300000, 0x00000000fc400000, 0x00000000fc400000|100%| O|  |TAMS 0x00000000fc300000, 0x00000000fc300000| Untracked 
|   4|0x00000000fc400000, 0x00000000fc500000, 0x00000000fc500000|100%| O|  |TAMS 0x00000000fc400000, 0x00000000fc400000| Untracked 
|   5|0x00000000fc500000, 0x00000000fc600000, 0x00000000fc600000|100%| O|  |TAMS 0x00000000fc500000, 0x00000000fc500000| Untracked 
|   6|0x00000000fc600000, 0x00000000fc66b600, 0x00000000fc700000| 41%| O|  |TAMS 0x00000000fc600000, 0x00000000fc600000| Untracked 
|   7|0x00000000fc700000, 0x00000000fc700000, 0x00000000fc800000|  0%| F|  |TAMS 0x00000000fc700000, 0x00000000fc700000| Untracked 
|   8|0x00000000fc800000, 0x00000000fc800000, 0x00000000fc900000|  0%| F|  |TAMS 0x00000000fc800000, 0x00000000fc800000| Untracked 
|   9|0x00000000fc900000, 0x00000000fc900000, 0x00000000fca00000|  0%| F|  |TAMS 0x00000000fc900000, 0x00000000fc900000| Untracked 
|  10|0x00000000fca00000, 0x00000000fca00000, 0x00000000fcb00000|  0%| F|  |TAMS 0x00000000fca00000, 0x00000000fca00000| Untracked 
|  11|0x00000000fcb00000, 0x00000000fcb00000, 0x00000000fcc00000|  0%| F|  |TAMS 0x00000000fcb00000, 0x00000000fcb00000| Untracked 
|  12|0x00000000fcc00000, 0x00000000fcc00000, 0x00000000fcd00000|  0%| F|  |TAMS 0x00000000fcc00000, 0x00000000fcc00000| Untracked 
|  13|0x00000000fcd00000, 0x00000000fcd00000, 0x00000000fce00000|  0%| F|  |TAMS 0x00000000fcd00000, 0x00000000fcd00000| Untracked 
|  14|0x00000000fce00000, 0x00000000fce00000, 0x00000000fcf00000|  0%| F|  |TAMS 0x00000000fce00000, 0x00000000fce00000| Untracked 
|  15|0x00000000fcf00000, 0x00000000fcf00000, 0x00000000fd000000|  0%| F|  |TAMS 0x00000000fcf00000, 0x00000000fcf00000| Untracked 
|  16|0x00000000fd000000, 0x00000000fd000000, 0x00000000fd100000|  0%| F|  |TAMS 0x00000000fd000000, 0x00000000fd000000| Untracked 
|  17|0x00000000fd100000, 0x00000000fd100000, 0x00000000fd200000|  0%| F|  |TAMS 0x00000000fd100000, 0x00000000fd100000| Untracked 
|  18|0x00000000fd200000, 0x00000000fd200000, 0x00000000fd300000|  0%| F|  |TAMS 0x00000000fd200000, 0x00000000fd200000| Untracked 
|  19|0x00000000fd300000, 0x00000000fd300000, 0x00000000fd400000|  0%| F|  |TAMS 0x00000000fd300000, 0x00000000fd300000| Untracked 
|  20|0x00000000fd400000, 0x00000000fd400000, 0x00000000fd500000|  0%| F|  |TAMS 0x00000000fd400000, 0x00000000fd400000| Untracked 
|  21|0x00000000fd500000, 0x00000000fd500000, 0x00000000fd600000|  0%| F|  |TAMS 0x00000000fd500000, 0x00000000fd500000| Untracked 
|  22|0x00000000fd600000, 0x00000000fd600000, 0x00000000fd700000|  0%| F|  |TAMS 0x00000000fd600000, 0x00000000fd600000| Untracked 
|  23|0x00000000fd700000, 0x00000000fd700000, 0x00000000fd800000|  0%| F|  |TAMS 0x00000000fd700000, 0x00000000fd700000| Untracked 
|  24|0x00000000fd800000, 0x00000000fd800000, 0x00000000fd900000|  0%| F|  |TAMS 0x00000000fd800000, 0x00000000fd800000| Untracked 
|  25|0x00000000fd900000, 0x00000000fd900000, 0x00000000fda00000|  0%| F|  |TAMS 0x00000000fd900000, 0x00000000fd900000| Untracked 
|  26|0x00000000fda00000, 0x00000000fdb00000, 0x00000000fdb00000|100%| S|CS|TAMS 0x00000000fda00000, 0x00000000fda00000| Complete 
|  27|0x00000000fdb00000, 0x00000000fdc00000, 0x00000000fdc00000|100%| S|CS|TAMS 0x00000000fdb00000, 0x00000000fdb00000| Complete 
|  28|0x00000000fdc00000, 0x00000000fdd00000, 0x00000000fdd00000|100%| S|CS|TAMS 0x00000000fdc00000, 0x00000000fdc00000| Complete 
|  29|0x00000000fdd00000, 0x00000000fde00000, 0x00000000fde00000|100%| S|CS|TAMS 0x00000000fdd00000, 0x00000000fdd00000| Complete 
|  30|0x00000000fde00000, 0x00000000fdf00000, 0x00000000fdf00000|100%| S|CS|TAMS 0x00000000fde00000, 0x00000000fde00000| Complete 
|  31|0x00000000fdf00000, 0x00000000fdf00000, 0x00000000fe000000|  0%| F|  |TAMS 0x00000000fdf00000, 0x00000000fdf00000| Untracked 
|  32|0x00000000fe000000, 0x00000000fe000000, 0x00000000fe100000|  0%| F|  |TAMS 0x00000000fe000000, 0x00000000fe000000| Untracked 
|  33|0x00000000fe100000, 0x00000000fe100000, 0x00000000fe200000|  0%| F|  |TAMS 0x00000000fe100000, 0x00000000fe100000| Untracked 
|  34|0x00000000fe200000, 0x00000000fe200000, 0x00000000fe300000|  0%| F|  |TAMS 0x00000000fe200000, 0x00000000fe200000| Untracked 
|  35|0x00000000fe300000, 0x00000000fe300000, 0x00000000fe400000|  0%| F|  |TAMS 0x00000000fe300000, 0x00000000fe300000| Untracked 
|  36|0x00000000fe400000, 0x00000000fe400000, 0x00000000fe500000|  0%| F|  |TAMS 0x00000000fe400000, 0x00000000fe400000| Untracked 
|  37|0x00000000fe500000, 0x00000000fe500000, 0x00000000fe600000|  0%| F|  |TAMS 0x00000000fe500000, 0x00000000fe500000| Untracked 
|  38|0x00000000fe600000, 0x00000000fe600000, 0x00000000fe700000|  0%| F|  |TAMS 0x00000000fe600000, 0x00000000fe600000| Untracked 
|  39|0x00000000fe700000, 0x00000000fe700000, 0x00000000fe800000|  0%| F|  |TAMS 0x00000000fe700000, 0x00000000fe700000| Untracked 
|  40|0x00000000fe800000, 0x00000000fe800000, 0x00000000fe900000|  0%| F|  |TAMS 0x00000000fe800000, 0x00000000fe800000| Untracked 
|  41|0x00000000fe900000, 0x00000000fe900000, 0x00000000fea00000|  0%| F|  |TAMS 0x00000000fe900000, 0x00000000fe900000| Untracked 
|  42|0x00000000fea00000, 0x00000000fea00000, 0x00000000feb00000|  0%| F|  |TAMS 0x00000000fea00000, 0x00000000fea00000| Untracked 
|  43|0x00000000feb00000, 0x00000000feb00000, 0x00000000fec00000|  0%| F|  |TAMS 0x00000000feb00000, 0x00000000feb00000| Untracked 
|  44|0x00000000fec00000, 0x00000000fec00000, 0x00000000fed00000|  0%| F|  |TAMS 0x00000000fec00000, 0x00000000fec00000| Untracked 
|  45|0x00000000fed00000, 0x00000000fed00000, 0x00000000fee00000|  0%| F|  |TAMS 0x00000000fed00000, 0x00000000fed00000| Untracked 
|  46|0x00000000fee00000, 0x00000000fee00000, 0x00000000fef00000|  0%| F|  |TAMS 0x00000000fee00000, 0x00000000fee00000| Untracked 
|  47|0x00000000fef00000, 0x00000000fef00000, 0x00000000ff000000|  0%| F|  |TAMS 0x00000000fef00000, 0x00000000fef00000| Untracked 
|  48|0x00000000ff000000, 0x00000000ff000000, 0x00000000ff100000|  0%| F|  |TAMS 0x00000000ff000000, 0x00000000ff000000| Untracked 
|  49|0x00000000ff100000, 0x00000000ff100000, 0x00000000ff200000|  0%| F|  |TAMS 0x00000000ff100000, 0x00000000ff100000| Untracked 
|  50|0x00000000ff200000, 0x00000000ff200000, 0x00000000ff300000|  0%| F|  |TAMS 0x00000000ff200000, 0x00000000ff200000| Untracked 
|  51|0x00000000ff300000, 0x00000000ff300000, 0x00000000ff400000|  0%| F|  |TAMS 0x00000000ff300000, 0x00000000ff300000| Untracked 
|  52|0x00000000ff400000, 0x00000000ff4d8370, 0x00000000ff500000| 84%| E|  |TAMS 0x00000000ff400000, 0x00000000ff400000| Complete 
|  53|0x00000000ff500000, 0x00000000ff600000, 0x00000000ff600000|100%| E|CS|TAMS 0x00000000ff500000, 0x00000000ff500000| Complete 
|  54|0x00000000ff600000, 0x00000000ff700000, 0x00000000ff700000|100%| E|CS|TAMS 0x00000000ff600000, 0x00000000ff600000| Complete 
|  55|0x00000000ff700000, 0x00000000ff800000, 0x00000000ff800000|100%| E|CS|TAMS 0x00000000ff700000, 0x00000000ff700000| Complete 
|  56|0x00000000ff800000, 0x00000000ff900000, 0x00000000ff900000|100%| E|CS|TAMS 0x00000000ff800000, 0x00000000ff800000| Complete 
|  57|0x00000000ff900000, 0x00000000ffa00000, 0x00000000ffa00000|100%| E|CS|TAMS 0x00000000ff900000, 0x00000000ff900000| Complete 
|  58|0x00000000ffa00000, 0x00000000ffb00000, 0x00000000ffb00000|100%| E|CS|TAMS 0x00000000ffa00000, 0x00000000ffa00000| Complete 
|  59|0x00000000ffb00000, 0x00000000ffc00000, 0x00000000ffc00000|100%| E|CS|TAMS 0x00000000ffb00000, 0x00000000ffb00000| Complete 
|  60|0x00000000ffc00000, 0x00000000ffd00000, 0x00000000ffd00000|100%| E|CS|TAMS 0x00000000ffc00000, 0x00000000ffc00000| Complete 
|  61|0x00000000ffd00000, 0x00000000ffe00000, 0x00000000ffe00000|100%| E|CS|TAMS 0x00000000ffd00000, 0x00000000ffd00000| Complete 
|  62|0x00000000ffe00000, 0x00000000fff00000, 0x00000000fff00000|100%| E|CS|TAMS 0x00000000ffe00000, 0x00000000ffe00000| Complete 
|  63|0x00000000fff00000, 0x0000000100000000, 0x0000000100000000|100%| E|CS|TAMS 0x00000000fff00000, 0x00000000fff00000| Complete 

Card table byte_map: [0x0000023a37eb0000,0x0000023a37ed0000] _byte_map_base: 0x0000023a376d0000

Marking Bits (Prev, Next): (CMBitMap*) 0x0000023a380221d0, (CMBitMap*) 0x0000023a38022210
 Prev Bits: [0x0000023a4eba0000, 0x0000023a4eca0000)
 Next Bits: [0x0000023a4eca0000, 0x0000023a4eda0000)

Polling page: 0x0000023a35f80000

Metaspace:

Usage:
  Non-class:      8.10 MB used.
      Class:      1.23 MB used.
       Both:      9.33 MB used.

Virtual space:
  Non-class space:       64.00 MB reserved,       8.25 MB ( 13%) committed,  1 nodes.
      Class space:        1.00 GB reserved,       1.31 MB ( <1%) committed,  1 nodes.
             Both:        1.06 GB reserved,       9.56 MB ( <1%) committed. 

Chunk freelists:
   Non-Class:  7.67 MB
       Class:  14.51 MB
        Both:  22.18 MB

MaxMetaspaceSize: unlimited
CompressedClassSpaceSize: 1.00 GB
Initial GC threshold: 21.00 MB
Current GC threshold: 21.00 MB
CDS: on
MetaspaceReclaimPolicy: balanced
 - commit_granule_bytes: 65536.
 - commit_granule_words: 8192.
 - virtual_space_node_default_size: 8388608.
 - enlarge_chunks_in_place: 1.
 - new_chunks_are_fully_committed: 0.
 - uncommit_free_chunks: 1.
 - use_allocation_guard: 0.
 - handle_deallocations: 1.


Internal statistics:

num_allocs_failed_limit: 0.
num_arena_births: 80.
num_arena_deaths: 0.
num_vsnodes_births: 2.
num_vsnodes_deaths: 0.
num_space_committed: 153.
num_space_uncommitted: 0.
num_chunks_returned_to_freelist: 0.
num_chunks_taken_from_freelist: 349.
num_chunk_merges: 0.
num_chunk_splits: 227.
num_chunks_enlarged: 180.
num_inconsistent_stats: 0.

CodeHeap 'non-profiled nmethods': size=120000Kb used=923Kb max_used=923Kb free=119076Kb
 bounds [0x0000023a47340000, 0x0000023a475b0000, 0x0000023a4e870000]
CodeHeap 'profiled nmethods': size=120000Kb used=3691Kb max_used=3691Kb free=116308Kb
 bounds [0x0000023a3f870000, 0x0000023a3fc10000, 0x0000023a46da0000]
CodeHeap 'non-nmethods': size=5760Kb used=1184Kb max_used=1219Kb free=4575Kb
 bounds [0x0000023a46da0000, 0x0000023a47010000, 0x0000023a47340000]
 total_blobs=2459 nmethods=1990 adapters=382
 compilation: enabled
              stopped_count=0, restarted_count=0
 full_count=0

Compilation events (20 events):
Event: 207.356 Thread 0x0000023a517e3980 nmethod 1981 0x0000023a3fc08590 code [0x0000023a3fc08720, 0x0000023a3fc08838]
Event: 219.828 Thread 0x0000023a517e3980 1982       3       com.google.common.base.Predicates$InstanceOfPredicate::<init> (6 bytes)
Event: 219.830 Thread 0x0000023a517e3980 nmethod 1982 0x0000023a3fc08910 code [0x0000023a3fc08ae0, 0x0000023a3fc08e68]
Event: 219.830 Thread 0x0000023a517e3980 1983       3       com.google.common.base.Predicates$InstanceOfPredicate::<init> (16 bytes)
Event: 219.831 Thread 0x0000023a517e3980 nmethod 1983 0x0000023a3fc09010 code [0x0000023a3fc091c0, 0x0000023a3fc094e8]
Event: 220.036 Thread 0x0000023a517e3070 1984       4       org.gradle.internal.logging.console.MultiLineBuildProgressArea::redraw (203 bytes)
Event: 220.133 Thread 0x0000023a517e3070 nmethod 1984 0x0000023a47421210 code [0x0000023a474215a0, 0x0000023a47422b58]
Event: 224.322 Thread 0x0000023a517e3980 1985       3       com.google.common.collect.Iterators::forArray (51 bytes)
Event: 224.324 Thread 0x0000023a517e3980 nmethod 1985 0x0000023a3fc09610 code [0x0000023a3fc09840, 0x0000023a3fc0a038]
Event: 224.324 Thread 0x0000023a517e3980 1986       3       com.google.common.base.Preconditions::checkArgument (13 bytes)
Event: 224.325 Thread 0x0000023a517e3980 nmethod 1986 0x0000023a3fc0a390 code [0x0000023a3fc0a540, 0x0000023a3fc0a728]
Event: 224.325 Thread 0x0000023a517e3980 1987       3       com.google.common.base.Preconditions::checkPositionIndexes (29 bytes)
Event: 224.325 Thread 0x0000023a517e3980 nmethod 1987 0x0000023a3fc0a810 code [0x0000023a3fc0a9c0, 0x0000023a3fc0ac58]
Event: 239.784 Thread 0x0000023a517e3070 1988       4       java.util.ArrayList::remove (26 bytes)
Event: 239.795 Thread 0x0000023a517e3070 nmethod 1988 0x0000023a47424490 code [0x0000023a47424620, 0x0000023a47424858]
Event: 239.825 Thread 0x0000023a517e3070 1989   !   4       org.gradle.internal.logging.console.ThrottlingOutputEventListener::onOutput (85 bytes)
Event: 239.867 Thread 0x0000023a517e3070 nmethod 1989 0x0000023a47424a10 code [0x0000023a47424c20, 0x0000023a47425718]
Event: 245.415 Thread 0x0000023a517e3070 1990       4       java.lang.AbstractStringBuilder::append (55 bytes)
Event: 245.436 Thread 0x0000023a517e3070 nmethod 1990 0x0000023a47425e10 code [0x0000023a47425fc0, 0x0000023a474268b8]
Event: 252.324 Thread 0x0000023a517e3070 1991       4       org.gradle.internal.logging.console.BuildStatusRenderer::onOutput (350 bytes)

GC Heap History (4 events):
Event: 0.254 GC heap before
{Heap before GC invocations=0 (full 0):
 garbage-first heap   total 65536K, used 22528K [0x00000000fc000000, 0x0000000100000000)
  region size 1024K, 23 young (23552K), 0 survivors (0K)
 Metaspace       used 1773K, committed 1856K, reserved 1114112K
  class space    used 160K, committed 192K, reserved 1048576K
}
Event: 0.257 GC heap after
{Heap after GC invocations=1 (full 0):
 garbage-first heap   total 65536K, used 2304K [0x00000000fc000000, 0x0000000100000000)
  region size 1024K, 3 young (3072K), 3 survivors (3072K)
 Metaspace       used 1773K, committed 1856K, reserved 1114112K
  class space    used 160K, committed 192K, reserved 1048576K
}
Event: 0.988 GC heap before
{Heap before GC invocations=1 (full 0):
 garbage-first heap   total 65536K, used 36096K [0x00000000fc000000, 0x0000000100000000)
  region size 1024K, 33 young (33792K), 3 survivors (3072K)
 Metaspace       used 8291K, committed 8448K, reserved 1114112K
  class space    used 1135K, committed 1216K, reserved 1048576K
}
Event: 0.992 GC heap after
{Heap after GC invocations=2 (full 0):
 garbage-first heap   total 65536K, used 11693K [0x00000000fc000000, 0x0000000100000000)
  region size 1024K, 5 young (5120K), 5 survivors (5120K)
 Metaspace       used 8291K, committed 8448K, reserved 1114112K
  class space    used 1135K, committed 1216K, reserved 1048576K
}

Deoptimization events (20 events):
Event: 0.976 Thread 0x0000023a37ffbf70 Uncommon trap: trap_request=0xffffffde fr.pc=0x0000023a473770f4 relative=0x0000000000000074
Event: 0.976 Thread 0x0000023a37ffbf70 Uncommon trap: reason=class_check action=maybe_recompile pc=0x0000023a473770f4 method=java.util.AbstractList$Itr.hasNext()Z @ 8 c2
Event: 0.976 Thread 0x0000023a37ffbf70 DEOPT PACKING pc=0x0000023a473770f4 sp=0x00000079ff5fcb80
Event: 0.976 Thread 0x0000023a37ffbf70 DEOPT UNPACKING pc=0x0000023a46df5ba3 sp=0x00000079ff5fcb18 mode 2
Event: 1.018 Thread 0x0000023a37ffbf70 Uncommon trap: trap_request=0xffffffde fr.pc=0x0000023a473770f4 relative=0x0000000000000074
Event: 1.018 Thread 0x0000023a37ffbf70 Uncommon trap: reason=class_check action=maybe_recompile pc=0x0000023a473770f4 method=java.util.AbstractList$Itr.hasNext()Z @ 8 c2
Event: 1.018 Thread 0x0000023a37ffbf70 DEOPT PACKING pc=0x0000023a473770f4 sp=0x00000079ff5fc320
Event: 1.018 Thread 0x0000023a37ffbf70 DEOPT UNPACKING pc=0x0000023a46df5ba3 sp=0x00000079ff5fc2b8 mode 2
Event: 1.042 Thread 0x0000023a37ffbf70 Uncommon trap: trap_request=0xffffffde fr.pc=0x0000023a473770f4 relative=0x0000000000000074
Event: 1.042 Thread 0x0000023a37ffbf70 Uncommon trap: reason=class_check action=maybe_recompile pc=0x0000023a473770f4 method=java.util.AbstractList$Itr.hasNext()Z @ 8 c2
Event: 1.042 Thread 0x0000023a37ffbf70 DEOPT PACKING pc=0x0000023a473770f4 sp=0x00000079ff5fd350
Event: 1.042 Thread 0x0000023a37ffbf70 DEOPT UNPACKING pc=0x0000023a46df5ba3 sp=0x00000079ff5fd2e8 mode 2
Event: 57.731 Thread 0x0000023a97b18d10 Uncommon trap: trap_request=0xffffff45 fr.pc=0x0000023a473f3698 relative=0x0000000000000518
Event: 57.732 Thread 0x0000023a97b18d10 Uncommon trap: reason=unstable_if action=reinterpret pc=0x0000023a473f3698 method=org.gradle.internal.logging.text.AbstractLineChoppingStyledTextOutput$2.execute(Lorg/gradle/internal/logging/text/AbstractLineChoppingStyledTextOutput$StateContext;)V @ 34 c
Event: 57.732 Thread 0x0000023a97b18d10 DEOPT PACKING pc=0x0000023a473f3698 sp=0x0000007980dfec90
Event: 57.732 Thread 0x0000023a97b18d10 DEOPT UNPACKING pc=0x0000023a46df5ba3 sp=0x0000007980dfeb18 mode 2
Event: 63.164 Thread 0x0000023a37ffbf70 DEOPT PACKING pc=0x0000023a3faf5b4d sp=0x00000079ff5fced0
Event: 63.164 Thread 0x0000023a37ffbf70 DEOPT UNPACKING pc=0x0000023a46df66e3 sp=0x00000079ff5fc368 mode 0
Event: 117.032 Thread 0x0000023a97b18d10 DEOPT PACKING pc=0x0000023a3fb3c483 sp=0x0000007980dfe9c0
Event: 117.032 Thread 0x0000023a97b18d10 DEOPT UNPACKING pc=0x0000023a46df66e3 sp=0x0000007980dfde30 mode 0

Classes unloaded (0 events):
No events

Classes redefined (0 events):
No events

Internal exceptions (20 events):
Event: 0.514 Thread 0x0000023a37ffbf70 Exception <a 'java/lang/NoSuchMethodError'{0x00000000ff205058}: 'java.lang.Object java.lang.invoke.DirectMethodHandle$Holder.invokeStaticInit(java.lang.Object)'> (0x00000000ff205058) 
thrown [s\open\src\hotspot\share\interpreter\linkResolver.cpp, line 759]
Event: 0.522 Thread 0x0000023a37ffbf70 Exception <a 'java/lang/NoSuchMethodError'{0x00000000ff21fd20}: 'int java.lang.invoke.DirectMethodHandle$Holder.invokeSpecial(java.lang.Object, java.lang.Object, java.lang.Object)'> (0x00000000ff21fd20) 
thrown [s\open\src\hotspot\share\interpreter\linkResolver.cpp, line 759]
Event: 0.527 Thread 0x0000023a37ffbf70 Exception <a 'java/lang/NoSuchMethodError'{0x00000000ff25c100}: 'void java.lang.invoke.DirectMethodHandle$Holder.invokeStatic(java.lang.Object, java.lang.Object)'> (0x00000000ff25c100) 
thrown [s\open\src\hotspot\share\interpreter\linkResolver.cpp, line 759]
Event: 0.528 Thread 0x0000023a37ffbf70 Implicit null exception at 0x0000023a473a658f to 0x0000023a473a6ab0
Event: 0.528 Thread 0x0000023a37ffbf70 Implicit null exception at 0x0000023a47386f8f to 0x0000023a473874bc
Event: 0.528 Thread 0x0000023a37ffbf70 Implicit null exception at 0x0000023a4736fe0f to 0x0000023a4736fe89
Event: 0.543 Thread 0x0000023a37ffbf70 Exception <a 'java/lang/NoClassDefFoundError'{0x00000000ff2dbd80}: org/slf4j/impl/StaticMarkerBinder> (0x00000000ff2dbd80) 
thrown [s\open\src\hotspot\share\classfile\systemDictionary.cpp, line 245]
Event: 0.577 Thread 0x0000023a37ffbf70 Exception <a 'java/lang/NoSuchMethodError'{0x00000000ff008c68}: 'java.lang.Object java.lang.invoke.Invokers$Holder.invoker(java.lang.Object, java.lang.Object, java.lang.Object)'> (0x00000000ff008c68) 
thrown [s\open\src\hotspot\share\interpreter\linkResolver.cpp, line 759]
Event: 0.579 Thread 0x0000023a37ffbf70 Exception <a 'java/lang/NoSuchMethodError'{0x00000000ff011dc0}: 'java.lang.Object java.lang.invoke.DirectMethodHandle$Holder.invokeStatic(java.lang.Object, java.lang.Object, int)'> (0x00000000ff011dc0) 
thrown [s\open\src\hotspot\share\interpreter\linkResolver.cpp, line 759]
Event: 0.580 Thread 0x0000023a37ffbf70 Exception <a 'java/lang/NoSuchMethodError'{0x00000000ff01dab0}: 'void java.lang.invoke.DelegatingMethodHandle$Holder.delegate(java.lang.Object, java.lang.Object, int, java.lang.Object)'> (0x00000000ff01dab0) 
thrown [s\open\src\hotspot\share\interpreter\linkResolver.cpp, line 759]
Event: 0.583 Thread 0x0000023a37ffbf70 Exception <a 'java/lang/NoSuchMethodError'{0x00000000ff0310f8}: 'java.lang.Object java.lang.invoke.Invokers$Holder.invokeExact_MT(java.lang.Object, java.lang.Object, java.lang.Object, java.lang.Object)'> (0x00000000ff0310f8) 
thrown [s\open\src\hotspot\share\interpreter\linkResolver.cpp, line 759]
Event: 0.587 Thread 0x0000023a37ffbf70 Exception <a 'java/lang/NoSuchMethodError'{0x00000000ff0549b0}: 'java.lang.Object java.lang.invoke.DirectMethodHandle$Holder.invokeVirtual(java.lang.Object, java.lang.Object, java.lang.Object)'> (0x00000000ff0549b0) 
thrown [s\open\src\hotspot\share\interpreter\linkResolver.cpp, line 759]
Event: 0.652 Thread 0x0000023a37ffbf70 Exception <a 'java/lang/NoSuchMethodError'{0x00000000fec8bf70}: 'java.lang.Object java.lang.invoke.DirectMethodHandle$Holder.newInvokeSpecial(java.lang.Object, java.lang.Object, java.lang.Object, java.lang.Object, java.lang.Object)'> (0x00000000fec8bf70) 
thrown [s\open\src\hotspot\share\interpreter\linkResolver.cpp, line 759]
Event: 0.669 Thread 0x0000023a37ffbf70 Exception <a 'java/lang/NoSuchMethodError'{0x00000000febb0a90}: 'void java.lang.invoke.DirectMethodHandle$Holder.invokeSpecial(java.lang.Object, java.lang.Object, java.lang.Object)'> (0x00000000febb0a90) 
thrown [s\open\src\hotspot\share\interpreter\linkResolver.cpp, line 759]
Event: 0.824 Thread 0x0000023a37ffbf70 Exception <a 'java/lang/NoSuchMethodError'{0x00000000fe9cf3c8}: 'void java.lang.invoke.DirectMethodHandle$Holder.invokeStatic(java.lang.Object, java.lang.Object, java.lang.Object)'> (0x00000000fe9cf3c8) 
thrown [s\open\src\hotspot\share\interpreter\linkResolver.cpp, line 759]
Event: 0.865 Thread 0x0000023a37ffbf70 Exception <a 'java/lang/NoSuchMethodError'{0x00000000fe3fbd88}: 'java.lang.Object java.lang.invoke.DirectMethodHandle$Holder.newInvokeSpecial(java.lang.Object, java.lang.Object, java.lang.Object, java.lang.Object, java.lang.Object, java.lang.Object, java.lang.Object, java.lang.Object, java.lang.Object, java.lang.Object, java.lang.Object, java.lang.Object, java.lang.Object, java.lang.Object, java.lang.Object, java.lang.Object, java.lang.Object, java.lang.Object, java.lang.Object, java.lang.Object, java.lang
Event: 0.866 Thread 0x0000023a37ffbf70 Exception <a 'java/lang/NoSuchMethodError'{0x00000000fe208880}: 'java.lang.Object java.lang.invoke.Invokers$Holder.linkToTargetMethod(java.lang.Object, java.lang.Object, java.lang.Object, java.lang.Object, java.lang.Object, java.lang.Object, java.lang.Object, java.lang.Object, java.lang.Object, java.lang.Object, java.lang.Object, java.lang.Object, java.lang.Object, java.lang.Object, java.lang.Object, java.lang.Object, java.lang.Object, java.lang.Object, java.lang.Object, java.lang.Object, java.lang.Object,
Event: 0.904 Thread 0x0000023a37ffbf70 Exception <a 'java/lang/NoSuchMethodError'{0x00000000fe064d08}: 'java.lang.Object java.lang.invoke.DirectMethodHandle$Holder.invokeStaticInit(java.lang.Object, int, int, int, int)'> (0x00000000fe064d08) 
thrown [s\open\src\hotspot\share\interpreter\linkResolver.cpp, line 759]
Event: 0.941 Thread 0x0000023a37ffbf70 Exception <a 'java/lang/NoSuchMethodError'{0x00000000fe0af1c0}: 'java.lang.Object java.lang.invoke.DirectMethodHandle$Holder.invokeStaticInit(java.lang.Object, java.lang.Object, int, int, int, int)'> (0x00000000fe0af1c0) 
thrown [s\open\src\hotspot\share\interpreter\linkResolver.cpp, line 759]
Event: 0.958 Thread 0x0000023a37ffbf70 Implicit null exception at 0x0000023a473841f2 to 0x0000023a47384830

VM Operations (20 events):
Event: 156.669 Executing VM operation: Cleanup
Event: 156.669 Executing VM operation: Cleanup done
Event: 157.683 Executing VM operation: Cleanup
Event: 157.685 Executing VM operation: Cleanup done
Event: 171.762 Executing VM operation: Cleanup
Event: 171.763 Executing VM operation: Cleanup done
Event: 181.845 Executing VM operation: Cleanup
Event: 181.845 Executing VM operation: Cleanup done
Event: 191.955 Executing VM operation: Cleanup
Event: 191.956 Executing VM operation: Cleanup done
Event: 198.028 Executing VM operation: Cleanup
Event: 198.044 Executing VM operation: Cleanup done
Event: 203.109 Executing VM operation: Cleanup
Event: 203.110 Executing VM operation: Cleanup done
Event: 220.273 Executing VM operation: Cleanup
Event: 220.274 Executing VM operation: Cleanup done
Event: 223.287 Executing VM operation: Cleanup
Event: 223.439 Executing VM operation: Cleanup done
Event: 240.562 Executing VM operation: Cleanup
Event: 240.562 Executing VM operation: Cleanup done

Events (20 events):
Event: 4.374 loading class jdk/internal/logger/LoggerFinderLoader
Event: 4.374 loading class jdk/internal/logger/LoggerFinderLoader done
Event: 4.375 loading class jdk/internal/logger/LoggerFinderLoader$TemporaryLoggerFinder
Event: 4.375 loading class jdk/internal/logger/LoggerFinderLoader$TemporaryLoggerFinder done
Event: 4.375 loading class sun/util/logging/internal/LoggingProviderImpl$JULWrapper
Event: 4.376 loading class sun/util/logging/PlatformLogger$ConfigurableBridge$LoggerConfiguration
Event: 4.377 loading class sun/util/logging/PlatformLogger$ConfigurableBridge$LoggerConfiguration done
Event: 4.377 loading class sun/util/logging/internal/LoggingProviderImpl$JULWrapper done
Event: 4.378 loading class java/io/ObjectInputFilter
Event: 4.378 loading class java/io/ObjectInputFilter done
Event: 4.379 loading class java/io/ObjectInputFilter$Config$BuiltinFilterFactory
Event: 4.379 loading class java/io/ObjectInputFilter$Config$BuiltinFilterFactory done
Event: 4.379 loading class jdk/internal/access/JavaObjectInputFilterAccess
Event: 4.379 loading class jdk/internal/access/JavaObjectInputFilterAccess done
Event: 4.379 loading class java/lang/System$Logger$Level
Event: 4.381 loading class java/lang/System$Logger$Level done
Event: 4.381 loading class java/io/Bits
Event: 4.382 loading class java/io/Bits done
Event: 14.537 loading class java/util/ArrayList$ListItr
Event: 14.538 loading class java/util/ArrayList$ListItr done


Dynamic libraries:
0x00007ff762910000 - 0x00007ff762920000 	C:\Program Files\Java\jdk-17\bin\java.exe
0x00007ffe3dbe0000 - 0x00007ffe3de48000 	C:\WINDOWS\SYSTEM32\ntdll.dll
0x00007ffe3d000000 - 0x00007ffe3d0c9000 	C:\WINDOWS\System32\KERNEL32.DLL
0x00007ffe3af80000 - 0x00007ffe3b371000 	C:\WINDOWS\System32\KERNELBASE.dll
0x00007ffe3b410000 - 0x00007ffe3b55b000 	C:\WINDOWS\System32\ucrtbase.dll
0x00007ffe29e80000 - 0x00007ffe29e99000 	C:\Program Files\Java\jdk-17\bin\jli.dll
0x00007ffe3bf00000 - 0x00007ffe3bfb4000 	C:\WINDOWS\System32\ADVAPI32.dll
0x00007ffe3cdf0000 - 0x00007ffe3ce99000 	C:\WINDOWS\System32\msvcrt.dll
0x00007ffe3d310000 - 0x00007ffe3d3b6000 	C:\WINDOWS\System32\sechost.dll
0x00007ffe3cb60000 - 0x00007ffe3cc78000 	C:\WINDOWS\System32\RPCRT4.dll
0x00007ffe3d640000 - 0x00007ffe3d806000 	C:\WINDOWS\System32\USER32.dll
0x00007ffe3ade0000 - 0x00007ffe3ae07000 	C:\WINDOWS\System32\win32u.dll
0x00007ffe3cad0000 - 0x00007ffe3cafb000 	C:\WINDOWS\System32\GDI32.dll
0x00007ffe3b560000 - 0x00007ffe3b68b000 	C:\WINDOWS\System32\gdi32full.dll
0x00007ffe3a4c0000 - 0x00007ffe3a563000 	C:\WINDOWS\System32\msvcp_win.dll
0x00007ffe29db0000 - 0x00007ffe29dcb000 	C:\Program Files\Java\jdk-17\bin\VCRUNTIME140.dll
0x00007ffe1cf80000 - 0x00007ffe1d213000 	C:\WINDOWS\WinSxS\amd64_microsoft.windows.common-controls_6595b64144ccf1df_6.0.26100.7705_none_3e06597ae3363b04\COMCTL32.dll
0x00007ffe35a00000 - 0x00007ffe35a0b000 	C:\WINDOWS\SYSTEM32\VERSION.dll
0x00007ffe3cea0000 - 0x00007ffe3ced1000 	C:\WINDOWS\System32\IMM32.DLL
0x00007ffdd5150000 - 0x00007ffdd526a000 	C:\Program Files\Topaz OFD\Warsaw\wslbscr64.dll
0x00007ffe3c1b0000 - 0x00007ffe3c901000 	C:\WINDOWS\System32\SHELL32.dll
0x00007ffe3ae10000 - 0x00007ffe3af7a000 	C:\WINDOWS\System32\wintypes.dll
0x00007ffe3d810000 - 0x00007ffe3db96000 	C:\WINDOWS\System32\combase.dll
0x00007ffe39350000 - 0x00007ffe39386000 	C:\WINDOWS\SYSTEM32\ntmarta.dll
0x00007ffdd4fa0000 - 0x00007ffdd509a000 	C:\Program Files\Topaz OFD\Warsaw\wslbscrwh64.dll
0x00007ffe351a0000 - 0x00007ffe351ac000 	C:\Program Files\Java\jdk-17\bin\vcruntime140_1.dll
0x00007ffe20070000 - 0x00007ffe200fe000 	C:\Program Files\Java\jdk-17\bin\msvcp140.dll
0x00007ffdb6ae0000 - 0x00007ffdb76c0000 	C:\Program Files\Java\jdk-17\bin\server\jvm.dll
0x00007ffe3ba10000 - 0x00007ffe3ba18000 	C:\WINDOWS\System32\PSAPI.DLL
0x00007ffe147b0000 - 0x00007ffe147ba000 	C:\WINDOWS\SYSTEM32\WSOCK32.dll
0x00007ffe3d270000 - 0x00007ffe3d2e4000 	C:\WINDOWS\System32\WS2_32.dll
0x00007ffe384e0000 - 0x00007ffe38515000 	C:\WINDOWS\SYSTEM32\WINMM.dll
0x00007ffe39230000 - 0x00007ffe3924b000 	C:\WINDOWS\SYSTEM32\kernel.appcore.dll
0x00007ffe29c70000 - 0x00007ffe29c7a000 	C:\Program Files\Java\jdk-17\bin\jimage.dll
0x00007ffe38210000 - 0x00007ffe38452000 	C:\WINDOWS\SYSTEM32\DBGHELP.DLL
0x00007ffe3cee0000 - 0x00007ffe3cfb7000 	C:\WINDOWS\System32\OLEAUT32.dll
0x00007ffe384a0000 - 0x00007ffe384db000 	C:\WINDOWS\SYSTEM32\dbgcore.DLL
0x00007ffe3b8d0000 - 0x00007ffe3b975000 	C:\WINDOWS\System32\bcryptPrimitives.dll
0x00007ffe299a0000 - 0x00007ffe299c5000 	C:\Program Files\Java\jdk-17\bin\java.dll
0x00007ffdf7e70000 - 0x00007ffdf7f47000 	C:\Program Files\Java\jdk-17\bin\jsvml.dll
0x00007ffe3a570000 - 0x00007ffe3add2000 	C:\WINDOWS\System32\windows.storage.dll
0x00007ffe3c910000 - 0x00007ffe3ca06000 	C:\WINDOWS\System32\SHCORE.dll
0x00007ffe3cd80000 - 0x00007ffe3cde7000 	C:\WINDOWS\System32\shlwapi.dll
0x00007ffe3a3e0000 - 0x00007ffe3a409000 	C:\WINDOWS\SYSTEM32\profapi.dll
0x00007ffe29c50000 - 0x00007ffe29c69000 	C:\Program Files\Java\jdk-17\bin\net.dll
0x00007ffe31ff0000 - 0x00007ffe32117000 	C:\WINDOWS\SYSTEM32\WINHTTP.dll
0x00007ffe39780000 - 0x00007ffe397eb000 	C:\WINDOWS\system32\mswsock.dll
0x00007ffe222a0000 - 0x00007ffe222b6000 	C:\Program Files\Java\jdk-17\bin\nio.dll
0x00007ffe20dc0000 - 0x00007ffe20dd8000 	C:\Program Files\Java\jdk-17\bin\zip.dll
0x00007ffe22290000 - 0x00007ffe222a0000 	C:\Program Files\Java\jdk-17\bin\verify.dll
0x00007ffe20db0000 - 0x00007ffe20dba000 	C:\Program Files\Java\jdk-17\bin\management.dll
0x00007ffe20da0000 - 0x00007ffe20dab000 	C:\Program Files\Java\jdk-17\bin\management_ext.dll
0x00007ffe209e0000 - 0x00007ffe20a07000 	C:\Users\Felinto_\.gradle\native\1def1411415f61bf3af743bc5b6707747c0891f09f0c88961ee8f79bc544acac\windows-amd64\native-platform.dll
0x00007ffe29bb0000 - 0x00007ffe29bba000 	C:\Users\Felinto_\.gradle\native\jansi\1.18\windows64\jansi.dll
0x00007ffe38c80000 - 0x00007ffe38cb4000 	C:\WINDOWS\SYSTEM32\IPHLPAPI.DLL
0x00007ffe3d3c0000 - 0x00007ffe3d3ca000 	C:\WINDOWS\System32\NSI.dll
0x00007ffe32210000 - 0x00007ffe3222e000 	C:\WINDOWS\SYSTEM32\dhcpcsvc6.DLL
0x00007ffe321e0000 - 0x00007ffe32203000 	C:\WINDOWS\SYSTEM32\dhcpcsvc.DLL
0x00007ffe38d20000 - 0x00007ffe38e4c000 	C:\WINDOWS\SYSTEM32\DNSAPI.dll
0x00007ffe39b70000 - 0x00007ffe39b8b000 	C:\WINDOWS\SYSTEM32\CRYPTSP.dll
0x00007ffe39190000 - 0x00007ffe391c9000 	C:\WINDOWS\system32\rsaenh.dll
0x00007ffe39830000 - 0x00007ffe3985b000 	C:\WINDOWS\SYSTEM32\USERENV.dll
0x00007ffe3a3b0000 - 0x00007ffe3a3da000 	C:\WINDOWS\SYSTEM32\bcrypt.dll
0x00007ffe399d0000 - 0x00007ffe399dc000 	C:\WINDOWS\SYSTEM32\CRYPTBASE.dll
0x00007ffe20970000 - 0x00007ffe2097e000 	C:\Program Files\Java\jdk-17\bin\sunmscapi.dll
0x00007ffe3b750000 - 0x00007ffe3b8c7000 	C:\WINDOWS\System32\CRYPT32.dll
0x00007ffe39cc0000 - 0x00007ffe39cf0000 	C:\WINDOWS\SYSTEM32\ncrypt.dll
0x00007ffe39c70000 - 0x00007ffe39caf000 	C:\WINDOWS\SYSTEM32\NTASN1.dll
0x00007ffe03da0000 - 0x00007ffe03da8000 	C:\WINDOWS\system32\wshunix.dll

dbghelp: loaded successfully - version: 4.0.5 - missing functions: none
symbol engine: initialized successfully - sym options: 0x614 - pdb path: .;C:\Program Files\Java\jdk-17\bin;C:\WINDOWS\SYSTEM32;C:\WINDOWS\WinSxS\amd64_microsoft.windows.common-controls_6595b64144ccf1df_6.0.26100.7705_none_3e06597ae3363b04;C:\Program Files\Topaz OFD\Warsaw;C:\Program Files\Java\jdk-17\bin\server;C:\Users\Felinto_\.gradle\native\1def1411415f61bf3af743bc5b6707747c0891f09f0c88961ee8f79bc544acac\windows-amd64;C:\Users\Felinto_\.gradle\native\jansi\1.18\windows64

VM Arguments:
jvm_args: -Dfile.encoding=UTF-8 -Xmx64m -Xms64m -Dfile.encoding=UTF-8 -Dorg.gradle.appname=gradlew 
java_command: D:\DoseCerta-refatorado\android\\gradle\wrapper\gradle-wrapper.jar app:installDebug -PreactNativeDevServerPort=8081
java_class_path (initial): D:\DoseCerta-refatorado\android\\gradle\wrapper\gradle-wrapper.jar
Launcher Type: SUN_STANDARD

[Global flags]
     intx CICompilerCount                          = 4                                         {product} {ergonomic}
     uint ConcGCThreads                            = 2                                         {product} {ergonomic}
     uint G1ConcRefinementThreads                  = 8                                         {product} {ergonomic}
   size_t G1HeapRegionSize                         = 1048576                                   {product} {ergonomic}
    uintx GCDrainStackTargetSize                   = 64                                        {product} {ergonomic}
   size_t InitialHeapSize                          = 67108864                                  {product} {command line}
   size_t MarkStackSize                            = 4194304                                   {product} {ergonomic}
   size_t MaxHeapSize                              = 67108864                                  {product} {command line}
   size_t MaxNewSize                               = 39845888                                  {product} {ergonomic}
   size_t MinHeapDeltaBytes                        = 1048576                                   {product} {ergonomic}
   size_t MinHeapSize                              = 67108864                                  {product} {command line}
    uintx NonNMethodCodeHeapSize                   = 5839372                                {pd product} {ergonomic}
    uintx NonProfiledCodeHeapSize                  = 122909434                              {pd product} {ergonomic}
    uintx ProfiledCodeHeapSize                     = 122909434                              {pd product} {ergonomic}
    uintx ReservedCodeCacheSize                    = 251658240                              {pd product} {ergonomic}
     bool SegmentedCodeCache                       = true                                      {product} {ergonomic}
   size_t SoftMaxHeapSize                          = 67108864                               {manageable} {ergonomic}
     bool UseCompressedClassPointers               = true                           {product lp64_product} {ergonomic}
     bool UseCompressedOops                        = true                           {product lp64_product} {ergonomic}
     bool UseG1GC                                  = true                                      {product} {ergonomic}
     bool UseLargePagesIndividualAllocation        = false                                  {pd product} {ergonomic}

Logging:
Log output configuration:
 #0: stdout all=warning uptime,level,tags
 #1: stderr all=off uptime,level,tags

Environment Variables:
JAVA_HOME=C:\Program Files\Java\jdk-17
JAVA_TOOL_OPTIONS=-Dfile.encoding=UTF-8
PATH=D:\DoseCerta-refatorado\node_modules\.bin;D:\DoseCerta-refatorado\node_modules\.bin;D:\node_modules\.bin;C:\Users\Felinto_\AppData\Roaming\npm\node_modules\npm\node_modules\@npmcli\run-script\lib\node-gyp-bin;C:\Program Files (x86)\Common Files\Oracle\Java\java8path;C:\Program Files (x86)\Common Files\Oracle\Java\javapath;D:\Users\Felinto_\AppData\Local\Programs\Python\Python314\Scripts\;D:\Users\Felinto_\AppData\Local\Programs\Python\Python314\;D:\Program Files\nodejs;D:\Program Files\Git\cmd;C:\Users\Felinto_\AppData\Local\Android\Sdk\platform-tools;C:\Windows\System32;C:\Program Files\dotnet\;D:\Program Files\CMake\bin;C:\Users\Felinto_\AppData\Local\Programs\Python\Python313\Scripts\;C:\Users\Felinto_\AppData\Local\Programs\Python\Python313\;C:\Program Files (x86)\Common Files\Oracle\Java\java8path;C:\Program Files (x86)\Common Files\Oracle\Java\javapath;D:\Users\Felinto_\AppData\Local\Programs\Python\Python314\Scripts\;D:\Users\Felinto_\AppData\Local\Programs\Python\Python314\;D:\Program Files\nodejs;D:\Program Files\Git\cmd;C:\Users\Felinto_\AppData\Local\Android\Sdk\platform-tools;C:\Windows\System32;C:\Program Files\dotnet\;D:\Program Files\CMake\bin;C:\Program Files\Java\jdk-17\bin;D:\Users\Felinto_\AppData\Local\Programs\Microsoft VS Code\bin;D:\Users\Felinto_\AppData\Local\Programs\Antigravity\bin;C:\Windows\System32;C:\Users\Felinto_\AppData\Local\Microsoft\WindowsApps;
USERNAME=Felinto_
OS=Windows_NT
PROCESSOR_IDENTIFIER=Intel64 Family 6 Model 140 Stepping 1, GenuineIntel



---------------  S Y S T E M  ---------------

OS:
 Windows 11 , 64 bit Build 26100 (10.0.26100.7705)
OS uptime: 4 days 22:43 hours
Hyper-V role detected

CPU: total 8 (initial active 8) (4 cores per cpu, 2 threads per core) family 6 model 140 stepping 1 microcode 0xbc, cx8, cmov, fxsr, ht, mmx, 3dnowpref, sse, sse2, sse3, ssse3, sse4.1, sse4.2, popcnt, lzcnt, tsc, tscinvbit, avx, avx2, aes, erms, clmul, bmi1, bmi2, adx, avx512f, avx512dq, avx512cd, avx512bw, avx512vl, sha, fma, vzeroupper, avx512_vpopcntdq, avx512_vpclmulqdq, avx512_vaes, avx512_vnni, clflush, clflushopt, clwb, avx512_vbmi2, avx512_vbmi, hv

Memory: 4k page, system-wide physical 7934M (943M free)
TotalPageFile size 32510M (AvailPageFile size 0M)
current process WorkingSet (physical memory assigned to process): 13M, peak: 118M
current process commit charge ("private bytes"): 166M, peak: 186M

vm_info: Java HotSpot(TM) 64-Bit Server VM (17.0.12+8-LTS-286) for windows-amd64 JRE (17.0.12+8-LTS-286), built on Jun  5 2024 06:46:59 by "mach5one" with MS VC++ 17.6 (VS2022)

END.
